2018-01-22 12:43:53,277 [main] INFO  org.mule.module.launcher.application.DefaultMuleApplication - 
++++++++++++++++++++++++++++++++++++++++++++++++++++++++++++
+ Initializing app 'jms_demo'                              +
++++++++++++++++++++++++++++++++++++++++++++++++++++++++++++
2018-01-22 12:43:53,496 [main] INFO  org.mule.lifecycle.AbstractLifecycleManager - Initialising RegistryBroker
2018-01-22 12:43:53,605 [main] INFO  org.mule.module.extension.internal.manager.DefaultExtensionManager - Starting discovery of extensions
2018-01-22 12:43:53,715 [main] INFO  org.mule.module.extension.internal.manager.DefaultExtensionManager - Discovered 1 extensions
2018-01-22 12:43:53,715 [main] INFO  org.mule.module.extension.internal.manager.DefaultExtensionManager - Registering extension validation (version 3.8)
2018-01-22 12:43:53,777 [main] INFO  org.mule.config.spring.MuleArtifactContext - Refreshing org.mule.config.spring.MuleArtifactContext@23a9ba52: startup date [Mon Jan 22 12:43:53 IST 2018]; root of context hierarchy
2018-01-22 12:43:54,918 [main] INFO  org.mule.config.spring.processors.NoDevkitInjectorProcessor - JSR-330 'javax.inject.Inject' annotation found and supported for autowiring
2018-01-22 12:43:55,595 [main] WARN  org.mule.module.ognl.expression.OgnlExpressionEvaluator - OGNL module is deprecated and will be removed in Mule 4.0. Use MEL expressions instead.
2018-01-22 12:43:56,235 [main] INFO  org.mule.util.journal.TransactionJournal - Using files for tx logs C:\Users\EAI\AnypointStudio\workspace\.mule\.\.mule\jms_demo\queue-tx-log\tx1.log and C:\Users\EAI\AnypointStudio\workspace\.mule\.\.mule\jms_demo\queue-tx-log\tx2.log
2018-01-22 12:43:56,249 [main] INFO  org.mule.util.journal.TransactionJournal - Using files for tx logs C:\Users\EAI\AnypointStudio\workspace\.mule\.\.mule\jms_demo\queue-xa-tx-log\tx1.log and C:\Users\EAI\AnypointStudio\workspace\.mule\.\.mule\jms_demo\queue-xa-tx-log\tx2.log
2018-01-22 12:43:56,264 [main] INFO  org.mule.lifecycle.AbstractLifecycleManager - Initialising connector: Active_MQ
2018-01-22 12:43:56,421 [main] INFO  org.mule.lifecycle.AbstractLifecycleManager - Initialising model: _muleSystemModel
2018-01-22 12:43:56,421 [main] INFO  org.mule.construct.FlowConstructLifecycleManager - Initialising flow: jms_demoFlow
2018-01-22 12:43:56,421 [main] INFO  org.mule.exception.DefaultMessagingExceptionStrategy - Initialising exception listener: org.mule.exception.DefaultMessagingExceptionStrategy@78d9f51b
2018-01-22 12:43:56,452 [main] INFO  org.mule.processor.SedaStageLifecycleManager - Initialising service: jms_demoFlow.stage1
2018-01-22 12:43:56,686 [main] INFO  org.mule.config.spring.SpringXmlConfigurationBuilder - Configured Mule using "org.mule.config.spring.SpringXmlConfigurationBuilder" with configuration resource(s): "[ConfigResource{resourceName='C:\Users\EAI\AnypointStudio\workspace\.mule\apps\jms_demo\jms_demo.xml'}]"
2018-01-22 12:43:56,686 [main] INFO  org.mule.config.builders.AutoConfigurationBuilder - Configured Mule using "org.mule.config.builders.AutoConfigurationBuilder" with configuration resource(s): "[ConfigResource{resourceName='C:\Users\EAI\AnypointStudio\workspace\.mule\apps\jms_demo\jms_demo.xml'}]"
2018-01-22 12:43:59,717 [main] INFO  org.mule.module.launcher.application.DefaultMuleApplication - 
++++++++++++++++++++++++++++++++++++++++++++++++++++++++++++
+ Starting app 'jms_demo'                                  +
++++++++++++++++++++++++++++++++++++++++++++++++++++++++++++
2018-01-22 12:43:59,727 [main] INFO  org.mule.util.queue.QueueXaResourceManager - Starting ResourceManager
2018-01-22 12:43:59,727 [main] INFO  org.mule.util.queue.QueueXaResourceManager - Started ResourceManager
2018-01-22 12:43:59,774 [main] INFO  org.mule.module.http.internal.listener.DefaultHttpListenerConfig - Listening for requests on http://0.0.0.0:8081
2018-01-22 12:43:59,789 [main] ERROR org.mule.retry.notifiers.ConnectNotifier - Failed to connect/reconnect: ActiveMQJmsConnector
{
  name=Active_MQ
  lifecycle=initialise
  this=497d4c96
  numberOfConcurrentTransactedReceivers=4
  createMultipleTransactedReceivers=true
  connected=false
  supportedProtocols=[jms]
  serviceOverrides=<none>
}
. Root Exception was: org.apache.activemq.ActiveMQConnectionFactory. Type: class java.lang.ClassNotFoundException
2018-01-22 12:43:59,789 [main] ERROR org.mule.module.launcher.application.DefaultMuleApplication - org.apache.activemq.ActiveMQConnectionFactory (java.lang.ClassNotFoundException)
2018-01-22 12:43:59,789 [main] INFO  org.mule.module.launcher.application.DefaultMuleApplication - 
++++++++++++++++++++++++++++++++++++++++++++++++++++++++++++
+ Disposing app 'jms_demo'                                 +
++++++++++++++++++++++++++++++++++++++++++++++++++++++++++++
2018-01-22 12:43:59,789 [main] INFO  org.mule.lifecycle.AbstractLifecycleManager - Disposing RegistryBroker
2018-01-22 12:43:59,789 [main] INFO  org.mule.construct.FlowConstructLifecycleManager - Disposing flow: jms_demoFlow
2018-01-22 12:43:59,789 [main] INFO  org.mule.processor.SedaStageLifecycleManager - Disposing service: jms_demoFlow.stage1
2018-01-22 12:43:59,789 [main] INFO  org.mule.lifecycle.AbstractLifecycleManager - Disposing model: _muleSystemModel
2018-01-22 12:43:59,789 [main] INFO  org.mule.lifecycle.AbstractLifecycleManager - Disposing connector: Active_MQ
2018-01-22 12:43:59,930 [main] INFO  org.mule.config.spring.MuleArtifactContext - Closing org.mule.config.spring.MuleArtifactContext@23a9ba52: startup date [Mon Jan 22 12:43:53 IST 2018]; root of context hierarchy
2018-01-22 12:44:00,008 [main] INFO  org.mule.DefaultMuleContext - 
**********************************************************************
* Application "jms_demo" shut down normally on: 1/22/18 12:44 PM     *
* Up for: 0 days, 0 hours, 0 mins, 0.291 sec                         *
**********************************************************************
2018-01-22 12:45:26,614 [main] INFO  org.mule.module.launcher.application.DefaultMuleApplication - 
++++++++++++++++++++++++++++++++++++++++++++++++++++++++++++
+ Initializing app 'jms_demo'                              +
++++++++++++++++++++++++++++++++++++++++++++++++++++++++++++
2018-01-22 12:45:26,817 [main] INFO  org.mule.lifecycle.AbstractLifecycleManager - Initialising RegistryBroker
2018-01-22 12:45:26,942 [main] INFO  org.mule.module.extension.internal.manager.DefaultExtensionManager - Starting discovery of extensions
2018-01-22 12:45:27,083 [main] INFO  org.mule.module.extension.internal.manager.DefaultExtensionManager - Discovered 1 extensions
2018-01-22 12:45:27,083 [main] INFO  org.mule.module.extension.internal.manager.DefaultExtensionManager - Registering extension validation (version 3.8)
2018-01-22 12:45:27,145 [main] INFO  org.mule.config.spring.MuleArtifactContext - Refreshing org.mule.config.spring.MuleArtifactContext@23a9ba52: startup date [Mon Jan 22 12:45:27 IST 2018]; root of context hierarchy
2018-01-22 12:45:28,364 [main] INFO  org.mule.config.spring.processors.NoDevkitInjectorProcessor - JSR-330 'javax.inject.Inject' annotation found and supported for autowiring
2018-01-22 12:45:29,099 [main] WARN  org.mule.module.ognl.expression.OgnlExpressionEvaluator - OGNL module is deprecated and will be removed in Mule 4.0. Use MEL expressions instead.
2018-01-22 12:45:29,662 [main] INFO  org.mule.util.journal.TransactionJournal - Using files for tx logs C:\Users\EAI\AnypointStudio\workspace\.mule\.\.mule\jms_demo\queue-tx-log\tx1.log and C:\Users\EAI\AnypointStudio\workspace\.mule\.\.mule\jms_demo\queue-tx-log\tx2.log
2018-01-22 12:45:29,672 [main] INFO  org.mule.util.journal.TransactionJournal - Using files for tx logs C:\Users\EAI\AnypointStudio\workspace\.mule\.\.mule\jms_demo\queue-xa-tx-log\tx1.log and C:\Users\EAI\AnypointStudio\workspace\.mule\.\.mule\jms_demo\queue-xa-tx-log\tx2.log
2018-01-22 12:45:29,687 [main] INFO  org.mule.lifecycle.AbstractLifecycleManager - Initialising connector: Active_MQ
2018-01-22 12:45:29,812 [main] INFO  org.mule.lifecycle.AbstractLifecycleManager - Initialising model: _muleSystemModel
2018-01-22 12:45:29,812 [main] INFO  org.mule.construct.FlowConstructLifecycleManager - Initialising flow: jms_demoFlow
2018-01-22 12:45:29,812 [main] INFO  org.mule.exception.DefaultMessagingExceptionStrategy - Initialising exception listener: org.mule.exception.DefaultMessagingExceptionStrategy@3d9f5016
2018-01-22 12:45:29,828 [main] INFO  org.mule.processor.SedaStageLifecycleManager - Initialising service: jms_demoFlow.stage1
2018-01-22 12:45:30,078 [main] INFO  org.mule.config.spring.SpringXmlConfigurationBuilder - Configured Mule using "org.mule.config.spring.SpringXmlConfigurationBuilder" with configuration resource(s): "[ConfigResource{resourceName='C:\Users\EAI\AnypointStudio\workspace\.mule\apps\jms_demo\jms_demo.xml'}]"
2018-01-22 12:45:30,078 [main] INFO  org.mule.config.builders.AutoConfigurationBuilder - Configured Mule using "org.mule.config.builders.AutoConfigurationBuilder" with configuration resource(s): "[ConfigResource{resourceName='C:\Users\EAI\AnypointStudio\workspace\.mule\apps\jms_demo\jms_demo.xml'}]"
2018-01-22 12:45:33,109 [main] INFO  org.mule.module.launcher.application.DefaultMuleApplication - 
++++++++++++++++++++++++++++++++++++++++++++++++++++++++++++
+ Starting app 'jms_demo'                                  +
++++++++++++++++++++++++++++++++++++++++++++++++++++++++++++
2018-01-22 12:45:33,117 [main] INFO  org.mule.util.queue.QueueXaResourceManager - Starting ResourceManager
2018-01-22 12:45:33,117 [main] INFO  org.mule.util.queue.QueueXaResourceManager - Started ResourceManager
2018-01-22 12:45:33,164 [main] INFO  org.mule.module.http.internal.listener.DefaultHttpListenerConfig - Listening for requests on http://0.0.0.0:8081
2018-01-22 12:45:33,164 [main] ERROR org.mule.retry.notifiers.ConnectNotifier - Failed to connect/reconnect: ActiveMQJmsConnector
{
  name=Active_MQ
  lifecycle=initialise
  this=4eaa375c
  numberOfConcurrentTransactedReceivers=4
  createMultipleTransactedReceivers=true
  connected=false
  supportedProtocols=[jms]
  serviceOverrides=<none>
}
. Root Exception was: org.apache.activemq.ActiveMQConnectionFactory. Type: class java.lang.ClassNotFoundException
2018-01-22 12:45:33,164 [main] ERROR org.mule.module.launcher.application.DefaultMuleApplication - org.apache.activemq.ActiveMQConnectionFactory (java.lang.ClassNotFoundException)
2018-01-22 12:45:33,179 [main] INFO  org.mule.module.launcher.application.DefaultMuleApplication - 
++++++++++++++++++++++++++++++++++++++++++++++++++++++++++++
+ Disposing app 'jms_demo'                                 +
++++++++++++++++++++++++++++++++++++++++++++++++++++++++++++
2018-01-22 12:45:33,179 [main] INFO  org.mule.lifecycle.AbstractLifecycleManager - Disposing RegistryBroker
2018-01-22 12:45:33,179 [main] INFO  org.mule.construct.FlowConstructLifecycleManager - Disposing flow: jms_demoFlow
2018-01-22 12:45:33,179 [main] INFO  org.mule.processor.SedaStageLifecycleManager - Disposing service: jms_demoFlow.stage1
2018-01-22 12:45:33,179 [main] INFO  org.mule.lifecycle.AbstractLifecycleManager - Disposing model: _muleSystemModel
2018-01-22 12:45:33,179 [main] INFO  org.mule.lifecycle.AbstractLifecycleManager - Disposing connector: Active_MQ
2018-01-22 12:45:33,304 [main] INFO  org.mule.config.spring.MuleArtifactContext - Closing org.mule.config.spring.MuleArtifactContext@23a9ba52: startup date [Mon Jan 22 12:45:27 IST 2018]; root of context hierarchy
2018-01-22 12:45:33,383 [main] INFO  org.mule.DefaultMuleContext - 
**********************************************************************
* Application "jms_demo" shut down normally on: 1/22/18 12:45 PM     *
* Up for: 0 days, 0 hours, 0 mins, 0.274 sec                         *
**********************************************************************
2018-01-22 12:52:43,673 [main] INFO  org.mule.module.launcher.application.DefaultMuleApplication - 
++++++++++++++++++++++++++++++++++++++++++++++++++++++++++++
+ Initializing app 'jms_demo'                              +
++++++++++++++++++++++++++++++++++++++++++++++++++++++++++++
2018-01-22 12:52:43,860 [main] INFO  org.mule.lifecycle.AbstractLifecycleManager - Initialising RegistryBroker
2018-01-22 12:52:43,970 [main] INFO  org.mule.module.extension.internal.manager.DefaultExtensionManager - Starting discovery of extensions
2018-01-22 12:52:44,063 [main] INFO  org.mule.module.extension.internal.manager.DefaultExtensionManager - Discovered 1 extensions
2018-01-22 12:52:44,063 [main] INFO  org.mule.module.extension.internal.manager.DefaultExtensionManager - Registering extension validation (version 3.8)
2018-01-22 12:52:44,142 [main] INFO  org.mule.config.spring.MuleArtifactContext - Refreshing org.mule.config.spring.MuleArtifactContext@23a9ba52: startup date [Mon Jan 22 12:52:44 IST 2018]; root of context hierarchy
2018-01-22 12:52:45,251 [main] INFO  org.mule.config.spring.processors.NoDevkitInjectorProcessor - JSR-330 'javax.inject.Inject' annotation found and supported for autowiring
2018-01-22 12:52:46,035 [main] WARN  org.mule.module.ognl.expression.OgnlExpressionEvaluator - OGNL module is deprecated and will be removed in Mule 4.0. Use MEL expressions instead.
2018-01-22 12:52:46,629 [main] INFO  org.mule.util.journal.TransactionJournal - Using files for tx logs C:\Users\EAI\AnypointStudio\workspace\.mule\.\.mule\jms_demo\queue-tx-log\tx1.log and C:\Users\EAI\AnypointStudio\workspace\.mule\.\.mule\jms_demo\queue-tx-log\tx2.log
2018-01-22 12:52:46,640 [main] INFO  org.mule.util.journal.TransactionJournal - Using files for tx logs C:\Users\EAI\AnypointStudio\workspace\.mule\.\.mule\jms_demo\queue-xa-tx-log\tx1.log and C:\Users\EAI\AnypointStudio\workspace\.mule\.\.mule\jms_demo\queue-xa-tx-log\tx2.log
2018-01-22 12:52:46,655 [main] INFO  org.mule.lifecycle.AbstractLifecycleManager - Initialising connector: Active_MQ
2018-01-22 12:52:46,780 [main] INFO  org.mule.lifecycle.AbstractLifecycleManager - Initialising model: _muleSystemModel
2018-01-22 12:52:46,780 [main] INFO  org.mule.construct.FlowConstructLifecycleManager - Initialising flow: jms_demoFlow
2018-01-22 12:52:46,780 [main] INFO  org.mule.exception.DefaultMessagingExceptionStrategy - Initialising exception listener: org.mule.exception.DefaultMessagingExceptionStrategy@72b6832e
2018-01-22 12:52:46,811 [main] INFO  org.mule.processor.SedaStageLifecycleManager - Initialising service: jms_demoFlow.stage1
2018-01-22 12:52:47,061 [main] INFO  org.mule.config.spring.SpringXmlConfigurationBuilder - Configured Mule using "org.mule.config.spring.SpringXmlConfigurationBuilder" with configuration resource(s): "[ConfigResource{resourceName='C:\Users\EAI\AnypointStudio\workspace\.mule\apps\jms_demo\jms_demo.xml'}]"
2018-01-22 12:52:47,061 [main] INFO  org.mule.config.builders.AutoConfigurationBuilder - Configured Mule using "org.mule.config.builders.AutoConfigurationBuilder" with configuration resource(s): "[ConfigResource{resourceName='C:\Users\EAI\AnypointStudio\workspace\.mule\apps\jms_demo\jms_demo.xml'}]"
2018-01-22 12:52:50,093 [main] INFO  org.mule.module.launcher.application.DefaultMuleApplication - 
++++++++++++++++++++++++++++++++++++++++++++++++++++++++++++
+ Starting app 'jms_demo'                                  +
++++++++++++++++++++++++++++++++++++++++++++++++++++++++++++
2018-01-22 12:52:50,100 [main] INFO  org.mule.util.queue.QueueXaResourceManager - Starting ResourceManager
2018-01-22 12:52:50,100 [main] INFO  org.mule.util.queue.QueueXaResourceManager - Started ResourceManager
2018-01-22 12:52:50,131 [main] INFO  org.mule.module.http.internal.listener.DefaultHttpListenerConfig - Listening for requests on http://0.0.0.0:8081
2018-01-22 12:52:50,147 [main] ERROR org.mule.retry.notifiers.ConnectNotifier - Failed to connect/reconnect: ActiveMQJmsConnector
{
  name=Active_MQ
  lifecycle=initialise
  this=1984212d
  numberOfConcurrentTransactedReceivers=4
  createMultipleTransactedReceivers=true
  connected=false
  supportedProtocols=[jms]
  serviceOverrides=<none>
}
. Root Exception was: org.apache.activemq.ActiveMQConnectionFactory. Type: class java.lang.ClassNotFoundException
2018-01-22 12:52:50,147 [main] ERROR org.mule.module.launcher.application.DefaultMuleApplication - org.apache.activemq.ActiveMQConnectionFactory (java.lang.ClassNotFoundException)
2018-01-22 12:52:50,147 [main] INFO  org.mule.module.launcher.application.DefaultMuleApplication - 
++++++++++++++++++++++++++++++++++++++++++++++++++++++++++++
+ Disposing app 'jms_demo'                                 +
++++++++++++++++++++++++++++++++++++++++++++++++++++++++++++
2018-01-22 12:52:50,147 [main] INFO  org.mule.lifecycle.AbstractLifecycleManager - Disposing RegistryBroker
2018-01-22 12:52:50,147 [main] INFO  org.mule.construct.FlowConstructLifecycleManager - Disposing flow: jms_demoFlow
2018-01-22 12:52:50,147 [main] INFO  org.mule.processor.SedaStageLifecycleManager - Disposing service: jms_demoFlow.stage1
2018-01-22 12:52:50,147 [main] INFO  org.mule.lifecycle.AbstractLifecycleManager - Disposing model: _muleSystemModel
2018-01-22 12:52:50,147 [main] INFO  org.mule.lifecycle.AbstractLifecycleManager - Disposing connector: Active_MQ
2018-01-22 12:52:50,288 [main] INFO  org.mule.config.spring.MuleArtifactContext - Closing org.mule.config.spring.MuleArtifactContext@23a9ba52: startup date [Mon Jan 22 12:52:44 IST 2018]; root of context hierarchy
2018-01-22 12:52:50,366 [main] INFO  org.mule.DefaultMuleContext - 
**********************************************************************
* Application "jms_demo" shut down normally on: 1/22/18 12:52 PM     *
* Up for: 0 days, 0 hours, 0 mins, 0.273 sec                         *
**********************************************************************
2018-01-22 12:54:38,024 [main] INFO  org.mule.module.launcher.application.DefaultMuleApplication - 
++++++++++++++++++++++++++++++++++++++++++++++++++++++++++++
+ Initializing app 'jms_demo'                              +
++++++++++++++++++++++++++++++++++++++++++++++++++++++++++++
2018-01-22 12:54:38,197 [main] INFO  org.mule.lifecycle.AbstractLifecycleManager - Initialising RegistryBroker
2018-01-22 12:54:38,306 [main] INFO  org.mule.module.extension.internal.manager.DefaultExtensionManager - Starting discovery of extensions
2018-01-22 12:54:38,400 [main] INFO  org.mule.module.extension.internal.manager.DefaultExtensionManager - Discovered 1 extensions
2018-01-22 12:54:38,400 [main] INFO  org.mule.module.extension.internal.manager.DefaultExtensionManager - Registering extension validation (version 3.8)
2018-01-22 12:54:38,463 [main] INFO  org.mule.config.spring.MuleArtifactContext - Refreshing org.mule.config.spring.MuleArtifactContext@23a9ba52: startup date [Mon Jan 22 12:54:38 IST 2018]; root of context hierarchy
2018-01-22 12:54:39,650 [main] INFO  org.mule.config.spring.processors.NoDevkitInjectorProcessor - JSR-330 'javax.inject.Inject' annotation found and supported for autowiring
2018-01-22 12:54:40,350 [main] WARN  org.mule.module.ognl.expression.OgnlExpressionEvaluator - OGNL module is deprecated and will be removed in Mule 4.0. Use MEL expressions instead.
2018-01-22 12:54:40,944 [main] INFO  org.mule.util.journal.TransactionJournal - Using files for tx logs C:\Users\EAI\AnypointStudio\workspace\.mule\.\.mule\jms_demo\queue-tx-log\tx1.log and C:\Users\EAI\AnypointStudio\workspace\.mule\.\.mule\jms_demo\queue-tx-log\tx2.log
2018-01-22 12:54:40,946 [main] INFO  org.mule.util.journal.TransactionJournal - Using files for tx logs C:\Users\EAI\AnypointStudio\workspace\.mule\.\.mule\jms_demo\queue-xa-tx-log\tx1.log and C:\Users\EAI\AnypointStudio\workspace\.mule\.\.mule\jms_demo\queue-xa-tx-log\tx2.log
2018-01-22 12:54:40,962 [main] INFO  org.mule.lifecycle.AbstractLifecycleManager - Initialising connector: Active_MQ
2018-01-22 12:54:41,087 [main] INFO  org.mule.lifecycle.AbstractLifecycleManager - Initialising model: _muleSystemModel
2018-01-22 12:54:41,087 [main] INFO  org.mule.construct.FlowConstructLifecycleManager - Initialising flow: jms_demoFlow
2018-01-22 12:54:41,087 [main] INFO  org.mule.exception.DefaultMessagingExceptionStrategy - Initialising exception listener: org.mule.exception.DefaultMessagingExceptionStrategy@3d9f5016
2018-01-22 12:54:41,103 [main] INFO  org.mule.processor.SedaStageLifecycleManager - Initialising service: jms_demoFlow.stage1
2018-01-22 12:54:41,493 [main] INFO  org.mule.config.spring.SpringXmlConfigurationBuilder - Configured Mule using "org.mule.config.spring.SpringXmlConfigurationBuilder" with configuration resource(s): "[ConfigResource{resourceName='C:\Users\EAI\AnypointStudio\workspace\.mule\apps\jms_demo\jms_demo.xml'}]"
2018-01-22 12:54:41,493 [main] INFO  org.mule.config.builders.AutoConfigurationBuilder - Configured Mule using "org.mule.config.builders.AutoConfigurationBuilder" with configuration resource(s): "[ConfigResource{resourceName='C:\Users\EAI\AnypointStudio\workspace\.mule\apps\jms_demo\jms_demo.xml'}]"
2018-01-22 12:54:44,556 [main] INFO  org.mule.module.launcher.application.DefaultMuleApplication - 
++++++++++++++++++++++++++++++++++++++++++++++++++++++++++++
+ Starting app 'jms_demo'                                  +
++++++++++++++++++++++++++++++++++++++++++++++++++++++++++++
2018-01-22 12:54:44,564 [main] INFO  org.mule.util.queue.QueueXaResourceManager - Starting ResourceManager
2018-01-22 12:54:44,564 [main] INFO  org.mule.util.queue.QueueXaResourceManager - Started ResourceManager
2018-01-22 12:54:44,595 [main] INFO  org.mule.module.http.internal.listener.DefaultHttpListenerConfig - Listening for requests on http://0.0.0.0:8081
2018-01-22 12:54:44,611 [main] ERROR org.mule.retry.notifiers.ConnectNotifier - Failed to connect/reconnect: ActiveMQJmsConnector
{
  name=Active_MQ
  lifecycle=initialise
  this=4eaa375c
  numberOfConcurrentTransactedReceivers=4
  createMultipleTransactedReceivers=true
  connected=false
  supportedProtocols=[jms]
  serviceOverrides=<none>
}
. Root Exception was: org.apache.activemq.ActiveMQConnectionFactory. Type: class java.lang.ClassNotFoundException
2018-01-22 12:54:44,611 [main] ERROR org.mule.module.launcher.application.DefaultMuleApplication - org.apache.activemq.ActiveMQConnectionFactory (java.lang.ClassNotFoundException)
2018-01-22 12:54:44,611 [main] INFO  org.mule.module.launcher.application.DefaultMuleApplication - 
++++++++++++++++++++++++++++++++++++++++++++++++++++++++++++
+ Disposing app 'jms_demo'                                 +
++++++++++++++++++++++++++++++++++++++++++++++++++++++++++++
2018-01-22 12:54:44,611 [main] INFO  org.mule.lifecycle.AbstractLifecycleManager - Disposing RegistryBroker
2018-01-22 12:54:44,611 [main] INFO  org.mule.construct.FlowConstructLifecycleManager - Disposing flow: jms_demoFlow
2018-01-22 12:54:44,611 [main] INFO  org.mule.processor.SedaStageLifecycleManager - Disposing service: jms_demoFlow.stage1
2018-01-22 12:54:44,611 [main] INFO  org.mule.lifecycle.AbstractLifecycleManager - Disposing model: _muleSystemModel
2018-01-22 12:54:44,627 [main] INFO  org.mule.lifecycle.AbstractLifecycleManager - Disposing connector: Active_MQ
2018-01-22 12:54:44,752 [main] INFO  org.mule.config.spring.MuleArtifactContext - Closing org.mule.config.spring.MuleArtifactContext@23a9ba52: startup date [Mon Jan 22 12:54:38 IST 2018]; root of context hierarchy
2018-01-22 12:54:44,830 [main] INFO  org.mule.DefaultMuleContext - 
**********************************************************************
* Application "jms_demo" shut down normally on: 1/22/18 12:54 PM     *
* Up for: 0 days, 0 hours, 0 mins, 0.274 sec                         *
**********************************************************************
2018-01-22 12:59:53,390 [main] INFO  org.mule.module.launcher.application.DefaultMuleApplication - 
++++++++++++++++++++++++++++++++++++++++++++++++++++++++++++
+ Initializing app 'jms_demo'                              +
++++++++++++++++++++++++++++++++++++++++++++++++++++++++++++
2018-01-22 12:59:53,578 [main] INFO  org.mule.lifecycle.AbstractLifecycleManager - Initialising RegistryBroker
2018-01-22 12:59:53,679 [main] INFO  org.mule.module.extension.internal.manager.DefaultExtensionManager - Starting discovery of extensions
2018-01-22 12:59:53,781 [main] INFO  org.mule.module.extension.internal.manager.DefaultExtensionManager - Discovered 1 extensions
2018-01-22 12:59:53,781 [main] INFO  org.mule.module.extension.internal.manager.DefaultExtensionManager - Registering extension validation (version 3.8)
2018-01-22 12:59:53,876 [main] INFO  org.mule.config.spring.MuleArtifactContext - Refreshing org.mule.config.spring.MuleArtifactContext@51f49060: startup date [Mon Jan 22 12:59:53 IST 2018]; root of context hierarchy
2018-01-22 12:59:55,043 [main] INFO  org.mule.config.spring.processors.NoDevkitInjectorProcessor - JSR-330 'javax.inject.Inject' annotation found and supported for autowiring
2018-01-22 12:59:55,931 [main] WARN  org.mule.module.ognl.expression.OgnlExpressionEvaluator - OGNL module is deprecated and will be removed in Mule 4.0. Use MEL expressions instead.
2018-01-22 12:59:56,623 [main] INFO  org.mule.util.journal.TransactionJournal - Using files for tx logs C:\Users\EAI\AnypointStudio\workspace\.mule\.\.mule\jms_demo\queue-tx-log\tx1.log and C:\Users\EAI\AnypointStudio\workspace\.mule\.\.mule\jms_demo\queue-tx-log\tx2.log
2018-01-22 12:59:56,626 [main] INFO  org.mule.util.journal.TransactionJournal - Using files for tx logs C:\Users\EAI\AnypointStudio\workspace\.mule\.\.mule\jms_demo\queue-xa-tx-log\tx1.log and C:\Users\EAI\AnypointStudio\workspace\.mule\.\.mule\jms_demo\queue-xa-tx-log\tx2.log
2018-01-22 12:59:56,641 [main] INFO  org.mule.lifecycle.AbstractLifecycleManager - Initialising connector: Active_MQ
2018-01-22 12:59:56,776 [main] INFO  org.mule.lifecycle.AbstractLifecycleManager - Initialising model: _muleSystemModel
2018-01-22 12:59:56,779 [main] INFO  org.mule.construct.FlowConstructLifecycleManager - Initialising flow: jms_demoFlow
2018-01-22 12:59:56,780 [main] INFO  org.mule.exception.DefaultMessagingExceptionStrategy - Initialising exception listener: org.mule.exception.DefaultMessagingExceptionStrategy@76536c53
2018-01-22 12:59:56,797 [main] INFO  org.mule.processor.SedaStageLifecycleManager - Initialising service: jms_demoFlow.stage1
2018-01-22 12:59:57,016 [main] INFO  org.mule.config.spring.SpringXmlConfigurationBuilder - Configured Mule using "org.mule.config.spring.SpringXmlConfigurationBuilder" with configuration resource(s): "[ConfigResource{resourceName='C:\Users\EAI\AnypointStudio\workspace\.mule\apps\jms_demo\jms_demo.xml'}]"
2018-01-22 12:59:57,016 [main] INFO  org.mule.config.builders.AutoConfigurationBuilder - Configured Mule using "org.mule.config.builders.AutoConfigurationBuilder" with configuration resource(s): "[ConfigResource{resourceName='C:\Users\EAI\AnypointStudio\workspace\.mule\apps\jms_demo\jms_demo.xml'}]"
2018-01-22 13:00:00,042 [main] INFO  org.mule.module.launcher.application.DefaultMuleApplication - 
++++++++++++++++++++++++++++++++++++++++++++++++++++++++++++
+ Starting app 'jms_demo'                                  +
++++++++++++++++++++++++++++++++++++++++++++++++++++++++++++
2018-01-22 13:00:00,051 [main] INFO  org.mule.util.queue.QueueXaResourceManager - Starting ResourceManager
2018-01-22 13:00:00,051 [main] INFO  org.mule.util.queue.QueueXaResourceManager - Started ResourceManager
2018-01-22 13:00:00,096 [main] INFO  org.mule.module.http.internal.listener.DefaultHttpListenerConfig - Listening for requests on http://0.0.0.0:8081
2018-01-22 13:00:00,687 [main] INFO  org.mule.transport.jms.activemq.ActiveMQJmsConnector - Connected: ActiveMQJmsConnector
{
  name=Active_MQ
  lifecycle=initialise
  this=60e3c26e
  numberOfConcurrentTransactedReceivers=4
  createMultipleTransactedReceivers=true
  connected=true
  supportedProtocols=[jms]
  serviceOverrides=<none>
}

2018-01-22 13:00:00,687 [main] INFO  org.mule.transport.jms.activemq.ActiveMQJmsConnector - Starting: ActiveMQJmsConnector
{
  name=Active_MQ
  lifecycle=initialise
  this=60e3c26e
  numberOfConcurrentTransactedReceivers=4
  createMultipleTransactedReceivers=true
  connected=true
  supportedProtocols=[jms]
  serviceOverrides=<none>
}

2018-01-22 13:00:00,687 [main] INFO  org.mule.lifecycle.AbstractLifecycleManager - Starting connector: Active_MQ
2018-01-22 13:00:00,687 [main] INFO  org.mule.modules.oauth2.provider.agents.DefaultSplashScreenAgent - 
++++++++++++++++++++++++++++++++++++++++++++++++++++++++++++++++++++++++++++++++
+ DevKit Extensions (0) used in this application 
                             +
++++++++++++++++++++++++++++++++++++++++++++++++++++++++++++++++++++++++++++++++
2018-01-22 13:00:00,687 [main] INFO  org.mule.lifecycle.AbstractLifecycleManager - Starting model: _muleSystemModel
2018-01-22 13:00:00,702 [main] INFO  org.mule.construct.FlowConstructLifecycleManager - Starting flow: jms_demoFlow
2018-01-22 13:00:00,702 [main] INFO  org.mule.processor.SedaStageLifecycleManager - Starting service: jms_demoFlow.stage1
2018-01-22 13:00:00,733 [main] INFO  org.mule.module.management.agent.WrapperManagerAgent - This JVM hasn't been launched by the wrapper, the agent will not run.
2018-01-22 13:00:00,733 [main] INFO  org.mule.module.management.agent.AbstractJmxAgent - Registered Connector Service with name Mule.jms_demo:type=Connector,name="Active_MQ"
2018-01-22 13:00:00,751 [main] INFO  org.mule.DefaultMuleContext - 
**********************************************************************
* Application: jms_demo                                              *
* OS encoding: \, Mule encoding: UTF-8                               *
*                                                                    *
* Agents Running:                                                    *
*   JMX Agent                                                        *
*   DevKit Extension Information                                     *
*   Batch module default engine                                      *
*   Wrapper Manager                                                  *
**********************************************************************
2018-01-22 13:00:33,551 [[jms_demo].HTTP_Listener_Configuration.worker.01] INFO  org.mule.transport.service.DefaultTransportServiceDescriptor - Loading default outbound transformer: org.mule.transport.jms.transformers.ObjectToJMSMessage
2018-01-22 13:00:33,551 [[jms_demo].HTTP_Listener_Configuration.worker.01] INFO  org.mule.transport.service.DefaultTransportServiceDescriptor - Loading default response transformer: org.mule.transport.jms.transformers.ObjectToJMSMessage
2018-01-22 13:00:33,551 [[jms_demo].HTTP_Listener_Configuration.worker.01] WARN  com.mulesoft.mule.transport.jms.EeJmsMessageDispatcher - Starting patched JmsMessageReceiver
2018-01-22 13:00:33,563 [[jms_demo].HTTP_Listener_Configuration.worker.01] INFO  org.mule.lifecycle.AbstractLifecycleManager - Initialising: 'Active_MQ.dispatcher.145343902'. Object is: EeJmsMessageDispatcher
2018-01-22 13:00:33,565 [[jms_demo].HTTP_Listener_Configuration.worker.01] INFO  org.mule.lifecycle.AbstractLifecycleManager - Starting: 'Active_MQ.dispatcher.145343902'. Object is: EeJmsMessageDispatcher
