2018-01-09 14:43:50,704 [main] INFO  org.mule.module.launcher.application.DefaultMuleApplication - 
++++++++++++++++++++++++++++++++++++++++++++++++++++++++++++
+ Initializing app 'muleexample'                           +
++++++++++++++++++++++++++++++++++++++++++++++++++++++++++++
2018-01-09 14:43:50,876 [main] INFO  org.mule.lifecycle.AbstractLifecycleManager - Initialising RegistryBroker
2018-01-09 14:43:50,969 [main] INFO  org.mule.module.extension.internal.manager.DefaultExtensionManager - Starting discovery of extensions
2018-01-09 14:43:51,079 [main] INFO  org.mule.module.extension.internal.manager.DefaultExtensionManager - Discovered 1 extensions
2018-01-09 14:43:51,079 [main] INFO  org.mule.module.extension.internal.manager.DefaultExtensionManager - Registering extension validation (version 3.8)
2018-01-09 14:43:51,141 [main] INFO  org.mule.config.spring.MuleArtifactContext - Refreshing org.mule.config.spring.MuleArtifactContext@73511076: startup date [Tue Jan 09 14:43:51 IST 2018]; root of context hierarchy
2018-01-09 14:43:52,313 [main] INFO  org.mule.config.spring.processors.NoDevkitInjectorProcessor - JSR-330 'javax.inject.Inject' annotation found and supported for autowiring
2018-01-09 14:43:53,153 [main] WARN  org.mule.module.ognl.expression.OgnlExpressionEvaluator - OGNL module is deprecated and will be removed in Mule 4.0. Use MEL expressions instead.
2018-01-09 14:43:53,763 [main] INFO  org.mule.util.journal.TransactionJournal - Using files for tx logs C:\Users\EAI\AnypointStudio\workspace\.mule\.\.mule\muleexample\queue-tx-log\tx1.log and C:\Users\EAI\AnypointStudio\workspace\.mule\.\.mule\muleexample\queue-tx-log\tx2.log
2018-01-09 14:43:53,769 [main] INFO  org.mule.util.journal.TransactionJournal - Using files for tx logs C:\Users\EAI\AnypointStudio\workspace\.mule\.\.mule\muleexample\queue-xa-tx-log\tx1.log and C:\Users\EAI\AnypointStudio\workspace\.mule\.\.mule\muleexample\queue-xa-tx-log\tx2.log
2018-01-09 14:43:53,878 [main] INFO  org.mule.lifecycle.AbstractLifecycleManager - Initialising model: _muleSystemModel
2018-01-09 14:43:53,878 [main] INFO  org.mule.construct.FlowConstructLifecycleManager - Initialising flow: accountsFlow
2018-01-09 14:43:53,878 [main] INFO  org.mule.exception.DefaultMessagingExceptionStrategy - Initialising exception listener: org.mule.exception.DefaultMessagingExceptionStrategy@343e225a
2018-01-09 14:43:53,909 [main] INFO  org.mule.processor.SedaStageLifecycleManager - Initialising service: accountsFlow.stage1
2018-01-09 14:43:53,925 [main] INFO  org.mule.construct.FlowConstructLifecycleManager - Initialising flow: muleexampleFlow
2018-01-09 14:43:53,925 [main] INFO  org.mule.exception.DefaultMessagingExceptionStrategy - Initialising exception listener: org.mule.exception.DefaultMessagingExceptionStrategy@46e3559f
2018-01-09 14:43:53,925 [main] INFO  org.mule.processor.SedaStageLifecycleManager - Initialising service: muleexampleFlow.stage1
2018-01-09 14:43:53,925 [main] INFO  org.mule.construct.FlowConstructLifecycleManager - Initialising flow: Flow1
2018-01-09 14:43:53,925 [main] INFO  org.mule.exception.DefaultMessagingExceptionStrategy - Initialising exception listener: org.mule.exception.DefaultMessagingExceptionStrategy@62f11ebb
2018-01-09 14:43:53,941 [main] INFO  org.mule.processor.SedaStageLifecycleManager - Initialising service: Flow1.stage1
2018-01-09 14:43:54,238 [main] INFO  org.mule.config.spring.SpringXmlConfigurationBuilder - Configured Mule using "org.mule.config.spring.SpringXmlConfigurationBuilder" with configuration resource(s): "[ConfigResource{resourceName='C:\Users\EAI\AnypointStudio\workspace\.mule\apps\muleexample\accounts.xml'}, ConfigResource{resourceName='C:\Users\EAI\AnypointStudio\workspace\.mule\apps\muleexample\global.xml'}, ConfigResource{resourceName='C:\Users\EAI\AnypointStudio\workspace\.mule\apps\muleexample\muleexample.xml'}]"
2018-01-09 14:43:54,238 [main] INFO  org.mule.config.builders.AutoConfigurationBuilder - Configured Mule using "org.mule.config.builders.AutoConfigurationBuilder" with configuration resource(s): "[ConfigResource{resourceName='C:\Users\EAI\AnypointStudio\workspace\.mule\apps\muleexample\accounts.xml'}, ConfigResource{resourceName='C:\Users\EAI\AnypointStudio\workspace\.mule\apps\muleexample\global.xml'}, ConfigResource{resourceName='C:\Users\EAI\AnypointStudio\workspace\.mule\apps\muleexample\muleexample.xml'}]"
2018-01-09 14:43:57,261 [main] INFO  org.mule.module.launcher.application.DefaultMuleApplication - 
++++++++++++++++++++++++++++++++++++++++++++++++++++++++++++
+ Starting app 'muleexample'                               +
++++++++++++++++++++++++++++++++++++++++++++++++++++++++++++
2018-01-09 14:43:57,275 [main] INFO  org.mule.util.queue.QueueXaResourceManager - Starting ResourceManager
2018-01-09 14:43:57,275 [main] INFO  org.mule.util.queue.QueueXaResourceManager - Started ResourceManager
2018-01-09 14:43:57,323 [main] INFO  org.mule.module.http.internal.listener.DefaultHttpListenerConfig - Listening for requests on http://0.0.0.0:8081
2018-01-09 14:43:57,323 [main] INFO  org.mule.modules.oauth2.provider.agents.DefaultSplashScreenAgent - 
++++++++++++++++++++++++++++++++++++++++++++++++++++++++++++++++++++++++++++++++
+ DevKit Extensions (0) used in this application 
                             +
++++++++++++++++++++++++++++++++++++++++++++++++++++++++++++++++++++++++++++++++
2018-01-09 14:43:57,323 [main] INFO  org.mule.lifecycle.AbstractLifecycleManager - Starting model: _muleSystemModel
2018-01-09 14:43:57,323 [main] INFO  org.mule.construct.FlowConstructLifecycleManager - Starting flow: accountsFlow
2018-01-09 14:43:57,323 [main] INFO  org.mule.processor.SedaStageLifecycleManager - Starting service: accountsFlow.stage1
2018-01-09 14:43:57,323 [main] INFO  org.mule.construct.FlowConstructLifecycleManager - Starting flow: muleexampleFlow
2018-01-09 14:43:57,323 [main] INFO  org.mule.processor.SedaStageLifecycleManager - Starting service: muleexampleFlow.stage1
2018-01-09 14:43:57,323 [main] INFO  org.mule.construct.FlowConstructLifecycleManager - Starting flow: Flow1
2018-01-09 14:43:57,323 [main] INFO  org.mule.processor.SedaStageLifecycleManager - Starting service: Flow1.stage1
2018-01-09 14:43:57,479 [main] INFO  org.mule.module.management.agent.WrapperManagerAgent - This JVM hasn't been launched by the wrapper, the agent will not run.
2018-01-09 14:43:57,511 [main] INFO  org.mule.DefaultMuleContext - 
**********************************************************************
* Application: muleexample                                           *
* OS encoding: \, Mule encoding: UTF-8                               *
*                                                                    *
* Agents Running:                                                    *
*   JMX Agent                                                        *
*   DevKit Extension Information                                     *
*   Batch module default engine                                      *
*   Wrapper Manager                                                  *
**********************************************************************
2018-01-09 14:44:18,115 [[muleexample].HTTP_Listener_Configuration.worker.02] INFO  org.mule.api.processor.LoggerMessageProcessor - Good Bye!
2018-01-09 14:44:18,200 [[muleexample].HTTP_Listener_Configuration.worker.01] INFO  org.mule.api.processor.LoggerMessageProcessor - Name:null Type:null color:Red
2018-01-09 14:46:07,856 [[muleexample].HTTP_Listener_Configuration.worker.03] INFO  org.mule.api.processor.LoggerMessageProcessor - Good Bye!
2018-01-09 14:46:07,869 [[muleexample].HTTP_Listener_Configuration.worker.01] INFO  org.mule.api.processor.LoggerMessageProcessor - Name:null Type:String color:Red
