2018-01-22 12:27:19,018 [main] INFO  org.mule.module.launcher.application.DefaultMuleApplication - 
++++++++++++++++++++++++++++++++++++++++++++++++++++++++++++
+ Initializing app 'mule_demo'                             +
++++++++++++++++++++++++++++++++++++++++++++++++++++++++++++
2018-01-22 12:27:19,205 [main] INFO  org.mule.lifecycle.AbstractLifecycleManager - Initialising RegistryBroker
2018-01-22 12:27:19,330 [main] INFO  org.mule.module.extension.internal.manager.DefaultExtensionManager - Starting discovery of extensions
2018-01-22 12:27:19,440 [main] INFO  org.mule.module.extension.internal.manager.DefaultExtensionManager - Discovered 1 extensions
2018-01-22 12:27:19,440 [main] INFO  org.mule.module.extension.internal.manager.DefaultExtensionManager - Registering extension validation (version 3.8)
2018-01-22 12:27:19,534 [main] INFO  org.mule.config.spring.MuleArtifactContext - Refreshing org.mule.config.spring.MuleArtifactContext@23a9ba52: startup date [Mon Jan 22 12:27:19 IST 2018]; root of context hierarchy
2018-01-22 12:27:20,674 [main] INFO  org.mule.config.spring.processors.NoDevkitInjectorProcessor - JSR-330 'javax.inject.Inject' annotation found and supported for autowiring
2018-01-22 12:27:21,465 [main] WARN  org.mule.module.ognl.expression.OgnlExpressionEvaluator - OGNL module is deprecated and will be removed in Mule 4.0. Use MEL expressions instead.
2018-01-22 12:27:22,090 [main] INFO  org.mule.util.journal.TransactionJournal - Using files for tx logs C:\Users\EAI\AnypointStudio\workspace\.mule\.\.mule\mule_demo\queue-tx-log\tx1.log and C:\Users\EAI\AnypointStudio\workspace\.mule\.\.mule\mule_demo\queue-tx-log\tx2.log
2018-01-22 12:27:22,111 [main] INFO  org.mule.util.journal.TransactionJournal - Using files for tx logs C:\Users\EAI\AnypointStudio\workspace\.mule\.\.mule\mule_demo\queue-xa-tx-log\tx1.log and C:\Users\EAI\AnypointStudio\workspace\.mule\.\.mule\mule_demo\queue-xa-tx-log\tx2.log
2018-01-22 12:27:22,190 [main] INFO  org.mule.lifecycle.AbstractLifecycleManager - Initialising model: _muleSystemModel
2018-01-22 12:27:22,205 [main] INFO  org.mule.construct.FlowConstructLifecycleManager - Initialising flow: mule_demoFlow
2018-01-22 12:27:22,205 [main] INFO  org.mule.exception.DefaultMessagingExceptionStrategy - Initialising exception listener: org.mule.exception.DefaultMessagingExceptionStrategy@493da830
2018-01-22 12:27:22,236 [main] INFO  org.mule.processor.SedaStageLifecycleManager - Initialising service: mule_demoFlow.stage1
2018-01-22 12:27:22,502 [main] INFO  org.mule.config.spring.SpringXmlConfigurationBuilder - Configured Mule using "org.mule.config.spring.SpringXmlConfigurationBuilder" with configuration resource(s): "[ConfigResource{resourceName='C:\Users\EAI\AnypointStudio\workspace\.mule\apps\mule_demo\mule_demo.xml'}]"
2018-01-22 12:27:22,502 [main] INFO  org.mule.config.builders.AutoConfigurationBuilder - Configured Mule using "org.mule.config.builders.AutoConfigurationBuilder" with configuration resource(s): "[ConfigResource{resourceName='C:\Users\EAI\AnypointStudio\workspace\.mule\apps\mule_demo\mule_demo.xml'}]"
2018-01-22 12:27:25,518 [main] INFO  org.mule.module.launcher.application.DefaultMuleApplication - 
++++++++++++++++++++++++++++++++++++++++++++++++++++++++++++
+ Starting app 'mule_demo'                                 +
++++++++++++++++++++++++++++++++++++++++++++++++++++++++++++
2018-01-22 12:27:25,526 [main] INFO  org.mule.util.queue.QueueXaResourceManager - Starting ResourceManager
2018-01-22 12:27:25,526 [main] INFO  org.mule.util.queue.QueueXaResourceManager - Started ResourceManager
2018-01-22 12:27:25,574 [main] INFO  org.mule.module.http.internal.listener.DefaultHttpListenerConfig - Listening for requests on http://0.0.0.0:8081
2018-01-22 12:27:25,574 [main] INFO  org.mule.modules.oauth2.provider.agents.DefaultSplashScreenAgent - 
++++++++++++++++++++++++++++++++++++++++++++++++++++++++++++++++++++++++++++++++
+ DevKit Extensions (0) used in this application 
                             +
++++++++++++++++++++++++++++++++++++++++++++++++++++++++++++++++++++++++++++++++
2018-01-22 12:27:25,574 [main] INFO  org.mule.lifecycle.AbstractLifecycleManager - Starting model: _muleSystemModel
2018-01-22 12:27:25,574 [main] INFO  org.mule.construct.FlowConstructLifecycleManager - Starting flow: mule_demoFlow
2018-01-22 12:27:25,574 [main] INFO  org.mule.processor.SedaStageLifecycleManager - Starting service: mule_demoFlow.stage1
2018-01-22 12:27:25,621 [main] INFO  org.mule.module.management.agent.WrapperManagerAgent - This JVM hasn't been launched by the wrapper, the agent will not run.
2018-01-22 12:27:25,636 [main] INFO  org.mule.DefaultMuleContext - 
**********************************************************************
* Application: mule_demo                                             *
* OS encoding: \, Mule encoding: UTF-8                               *
*                                                                    *
* Agents Running:                                                    *
*   JMX Agent                                                        *
*   DevKit Extension Information                                     *
*   Batch module default engine                                      *
*   Wrapper Manager                                                  *
**********************************************************************
2018-01-22 12:27:41,933 [[mule_demo].HTTP_Listener_Configuration.worker.01] INFO  org.mule.api.processor.LoggerMessageProcessor - 
org.mule.DefaultMuleMessage
{
  id=8a7351e0-ff41-11e7-9d1d-7c5cf866ed25
  payload=java.lang.String
  correlationId=<not set>
  correlationGroup=-1
  correlationSeq=-1
  encoding=UTF-8
  exceptionPayload=<not set>

Message properties:
  INVOCATION scoped properties:
  INBOUND scoped properties:
    accept=*/*
    accept-encoding=gzip, deflate
    cache-control=no-cache
    connection=keep-alive
    content-type=application/json
    host=localhost:8081
    http.listener.path=/hello
    http.method=GET
    http.query.params=ParameterMap{[]}
    http.query.string=
    http.relative.path=/hello
    http.remote.address=/127.0.0.1:53646
    http.request.path=/hello
    http.request.uri=/hello
    http.scheme=http
    http.uri.params=ParameterMap{[]}
    http.version=HTTP/1.1
    postman-token=cc93fa78-f0cd-41b3-b6b3-637a29785e85
    user-agent=PostmanRuntime/7.1.1
  OUTBOUND scoped properties:
  SESSION scoped properties:
}
2018-01-22 12:46:24,494 [main] INFO  org.mule.module.launcher.application.DefaultMuleApplication - 
++++++++++++++++++++++++++++++++++++++++++++++++++++++++++++
+ Initializing app 'mule_demo'                             +
++++++++++++++++++++++++++++++++++++++++++++++++++++++++++++
2018-01-22 12:46:24,666 [main] INFO  org.mule.lifecycle.AbstractLifecycleManager - Initialising RegistryBroker
2018-01-22 12:46:24,760 [main] INFO  org.mule.module.extension.internal.manager.DefaultExtensionManager - Starting discovery of extensions
2018-01-22 12:46:24,885 [main] INFO  org.mule.module.extension.internal.manager.DefaultExtensionManager - Discovered 1 extensions
2018-01-22 12:46:24,885 [main] INFO  org.mule.module.extension.internal.manager.DefaultExtensionManager - Registering extension validation (version 3.8)
2018-01-22 12:46:24,947 [main] INFO  org.mule.config.spring.MuleArtifactContext - Refreshing org.mule.config.spring.MuleArtifactContext@23a9ba52: startup date [Mon Jan 22 12:46:24 IST 2018]; root of context hierarchy
2018-01-22 12:46:26,010 [main] INFO  org.mule.config.spring.processors.NoDevkitInjectorProcessor - JSR-330 'javax.inject.Inject' annotation found and supported for autowiring
2018-01-22 12:46:26,681 [main] WARN  org.mule.module.ognl.expression.OgnlExpressionEvaluator - OGNL module is deprecated and will be removed in Mule 4.0. Use MEL expressions instead.
2018-01-22 12:46:27,306 [main] INFO  org.mule.util.journal.TransactionJournal - Using files for tx logs C:\Users\EAI\AnypointStudio\workspace\.mule\.\.mule\mule_demo\queue-tx-log\tx1.log and C:\Users\EAI\AnypointStudio\workspace\.mule\.\.mule\mule_demo\queue-tx-log\tx2.log
2018-01-22 12:46:27,310 [main] INFO  org.mule.util.journal.TransactionJournal - Using files for tx logs C:\Users\EAI\AnypointStudio\workspace\.mule\.\.mule\mule_demo\queue-xa-tx-log\tx1.log and C:\Users\EAI\AnypointStudio\workspace\.mule\.\.mule\mule_demo\queue-xa-tx-log\tx2.log
2018-01-22 12:46:27,403 [main] INFO  org.mule.lifecycle.AbstractLifecycleManager - Initialising model: _muleSystemModel
2018-01-22 12:46:27,403 [main] INFO  org.mule.construct.FlowConstructLifecycleManager - Initialising flow: mule_demoFlow
2018-01-22 12:46:27,403 [main] INFO  org.mule.exception.DefaultMessagingExceptionStrategy - Initialising exception listener: org.mule.exception.DefaultMessagingExceptionStrategy@d16be4f
2018-01-22 12:46:27,435 [main] INFO  org.mule.processor.SedaStageLifecycleManager - Initialising service: mule_demoFlow.stage1
2018-01-22 12:46:27,700 [main] INFO  org.mule.config.spring.SpringXmlConfigurationBuilder - Configured Mule using "org.mule.config.spring.SpringXmlConfigurationBuilder" with configuration resource(s): "[ConfigResource{resourceName='C:\Users\EAI\AnypointStudio\workspace\.mule\apps\mule_demo\mule_demo.xml'}]"
2018-01-22 12:46:27,700 [main] INFO  org.mule.config.builders.AutoConfigurationBuilder - Configured Mule using "org.mule.config.builders.AutoConfigurationBuilder" with configuration resource(s): "[ConfigResource{resourceName='C:\Users\EAI\AnypointStudio\workspace\.mule\apps\mule_demo\mule_demo.xml'}]"
2018-01-22 12:46:30,732 [main] INFO  org.mule.module.launcher.application.DefaultMuleApplication - 
++++++++++++++++++++++++++++++++++++++++++++++++++++++++++++
+ Starting app 'mule_demo'                                 +
++++++++++++++++++++++++++++++++++++++++++++++++++++++++++++
2018-01-22 12:46:30,738 [main] INFO  org.mule.util.queue.QueueXaResourceManager - Starting ResourceManager
2018-01-22 12:46:30,738 [main] INFO  org.mule.util.queue.QueueXaResourceManager - Started ResourceManager
2018-01-22 12:46:30,832 [main] INFO  org.mule.module.http.internal.listener.DefaultHttpListenerConfig - Listening for requests on http://0.0.0.0:8081
2018-01-22 12:46:30,847 [main] INFO  org.mule.modules.oauth2.provider.agents.DefaultSplashScreenAgent - 
++++++++++++++++++++++++++++++++++++++++++++++++++++++++++++++++++++++++++++++++
+ DevKit Extensions (0) used in this application 
                             +
++++++++++++++++++++++++++++++++++++++++++++++++++++++++++++++++++++++++++++++++
2018-01-22 12:46:30,847 [main] INFO  org.mule.lifecycle.AbstractLifecycleManager - Starting model: _muleSystemModel
2018-01-22 12:46:30,847 [main] INFO  org.mule.construct.FlowConstructLifecycleManager - Starting flow: mule_demoFlow
2018-01-22 12:46:30,847 [main] INFO  org.mule.processor.SedaStageLifecycleManager - Starting service: mule_demoFlow.stage1
2018-01-22 12:46:30,879 [main] INFO  org.mule.module.management.agent.WrapperManagerAgent - This JVM hasn't been launched by the wrapper, the agent will not run.
2018-01-22 12:46:30,894 [main] INFO  org.mule.DefaultMuleContext - 
**********************************************************************
* Application: mule_demo                                             *
* OS encoding: \, Mule encoding: UTF-8                               *
*                                                                    *
* Agents Running:                                                    *
*   JMX Agent                                                        *
*   DevKit Extension Information                                     *
*   Batch module default engine                                      *
*   Wrapper Manager                                                  *
**********************************************************************
2018-01-22 12:46:40,006 [[mule_demo].HTTP_Listener_Configuration.worker.01] INFO  org.mule.api.processor.LoggerMessageProcessor - 
org.mule.DefaultMuleMessage
{
  id=30cdeb70-ff44-11e7-837b-7c5cf866ed25
  payload=java.lang.String
  correlationId=<not set>
  correlationGroup=-1
  correlationSeq=-1
  encoding=UTF-8
  exceptionPayload=<not set>

Message properties:
  INVOCATION scoped properties:
  INBOUND scoped properties:
    accept=*/*
    accept-encoding=gzip, deflate
    cache-control=no-cache
    connection=keep-alive
    content-type=application/json
    host=localhost:8081
    http.listener.path=/hello
    http.method=GET
    http.query.params=ParameterMap{[]}
    http.query.string=
    http.relative.path=/hello
    http.remote.address=/127.0.0.1:53874
    http.request.path=/hello
    http.request.uri=/hello
    http.scheme=http
    http.uri.params=ParameterMap{[]}
    http.version=HTTP/1.1
    postman-token=129c8fd7-b8c2-4339-b99a-e8786cb8545e
    user-agent=PostmanRuntime/7.1.1
  OUTBOUND scoped properties:
  SESSION scoped properties:
}
