2018-01-08 11:46:12,953 [main] INFO  org.mule.module.launcher.application.DefaultMuleApplication - 
++++++++++++++++++++++++++++++++++++++++++++++++++++++++++++
+ Initializing app 'muledatabase'                          +
++++++++++++++++++++++++++++++++++++++++++++++++++++++++++++
2018-01-08 11:46:13,141 [main] INFO  org.mule.lifecycle.AbstractLifecycleManager - Initialising RegistryBroker
2018-01-08 11:46:13,250 [main] INFO  org.mule.module.extension.internal.manager.DefaultExtensionManager - Starting discovery of extensions
2018-01-08 11:46:13,344 [main] INFO  org.mule.module.extension.internal.manager.DefaultExtensionManager - Discovered 1 extensions
2018-01-08 11:46:13,344 [main] INFO  org.mule.module.extension.internal.manager.DefaultExtensionManager - Registering extension validation (version 3.8)
2018-01-08 11:46:13,407 [main] INFO  org.mule.config.spring.MuleArtifactContext - Refreshing org.mule.config.spring.MuleArtifactContext@24a1c17f: startup date [Mon Jan 08 11:46:13 IST 2018]; root of context hierarchy
2018-01-08 11:46:14,547 [main] INFO  org.mule.config.spring.processors.NoDevkitInjectorProcessor - JSR-330 'javax.inject.Inject' annotation found and supported for autowiring
2018-01-08 11:46:14,914 [main] WARN  org.mule.expression.DefaultExpressionManager - Expression string is not an expression.  Use isExpression(String) to validate first
2018-01-08 11:46:14,914 [main] WARN  org.mule.expression.DefaultExpressionManager - Expression string is not an expression.  Use isExpression(String) to validate first
2018-01-08 11:46:14,914 [main] WARN  org.mule.expression.DefaultExpressionManager - Expression string is not an expression.  Use isExpression(String) to validate first
2018-01-08 11:46:14,914 [main] WARN  org.mule.expression.DefaultExpressionManager - Expression string is not an expression.  Use isExpression(String) to validate first
2018-01-08 11:46:15,570 [main] WARN  org.mule.module.ognl.expression.OgnlExpressionEvaluator - OGNL module is deprecated and will be removed in Mule 4.0. Use MEL expressions instead.
2018-01-08 11:46:16,242 [main] INFO  org.mule.util.journal.TransactionJournal - Using files for tx logs C:\Users\EAI\AnypointStudio\workspace\.mule\.\.mule\muledatabase\queue-tx-log\tx1.log and C:\Users\EAI\AnypointStudio\workspace\.mule\.\.mule\muledatabase\queue-tx-log\tx2.log
2018-01-08 11:46:16,257 [main] INFO  org.mule.util.journal.TransactionJournal - Using files for tx logs C:\Users\EAI\AnypointStudio\workspace\.mule\.\.mule\muledatabase\queue-xa-tx-log\tx1.log and C:\Users\EAI\AnypointStudio\workspace\.mule\.\.mule\muledatabase\queue-xa-tx-log\tx2.log
2018-01-08 11:46:16,367 [main] INFO  org.mule.lifecycle.AbstractLifecycleManager - Initialising model: _muleSystemModel
2018-01-08 11:46:16,367 [main] INFO  org.mule.construct.FlowConstructLifecycleManager - Initialising flow: muledatabaseFlow
2018-01-08 11:46:16,367 [main] INFO  org.mule.exception.DefaultMessagingExceptionStrategy - Initialising exception listener: org.mule.exception.DefaultMessagingExceptionStrategy@1983b48a
2018-01-08 11:46:16,398 [main] INFO  org.mule.processor.SedaStageLifecycleManager - Initialising service: muledatabaseFlow.stage1
2018-01-08 11:46:16,413 [main] INFO  org.mule.construct.FlowConstructLifecycleManager - Initialising flow: getFlightsByIdFLow
2018-01-08 11:46:16,413 [main] INFO  org.mule.exception.DefaultMessagingExceptionStrategy - Initialising exception listener: org.mule.exception.DefaultMessagingExceptionStrategy@68ef01a5
2018-01-08 11:46:16,413 [main] INFO  org.mule.processor.SedaStageLifecycleManager - Initialising service: getFlightsByIdFLow.stage1
2018-01-08 11:46:16,413 [main] INFO  org.mule.construct.FlowConstructLifecycleManager - Initialising flow: muledatabaseFlow1
2018-01-08 11:46:16,413 [main] INFO  org.mule.exception.DefaultMessagingExceptionStrategy - Initialising exception listener: org.mule.exception.DefaultMessagingExceptionStrategy@13ed066e
2018-01-08 11:46:16,413 [main] INFO  org.mule.processor.SedaStageLifecycleManager - Initialising service: muledatabaseFlow1.stage1
2018-01-08 11:46:16,638 [main] INFO  org.mule.config.spring.SpringXmlConfigurationBuilder - Configured Mule using "org.mule.config.spring.SpringXmlConfigurationBuilder" with configuration resource(s): "[ConfigResource{resourceName='C:\Users\EAI\AnypointStudio\workspace\.mule\apps\muledatabase\muledatabase.xml'}]"
2018-01-08 11:46:16,638 [main] INFO  org.mule.config.builders.AutoConfigurationBuilder - Configured Mule using "org.mule.config.builders.AutoConfigurationBuilder" with configuration resource(s): "[ConfigResource{resourceName='C:\Users\EAI\AnypointStudio\workspace\.mule\apps\muledatabase\muledatabase.xml'}]"
2018-01-08 11:46:19,680 [main] WARN  org.mule.config.spring.SpringRegistry - Spring registry already contains an object named 'gateway-message-source:http://0.0.0.0:8081/flights'. The previous object will be overwritten.
2018-01-08 11:46:19,690 [main] INFO  org.mule.module.launcher.application.DefaultMuleApplication - 
++++++++++++++++++++++++++++++++++++++++++++++++++++++++++++
+ Starting app 'muledatabase'                              +
++++++++++++++++++++++++++++++++++++++++++++++++++++++++++++
2018-01-08 11:46:19,692 [main] INFO  org.mule.util.queue.QueueXaResourceManager - Starting ResourceManager
2018-01-08 11:46:19,692 [main] INFO  org.mule.util.queue.QueueXaResourceManager - Started ResourceManager
2018-01-08 11:46:19,755 [main] INFO  org.mule.module.http.internal.listener.DefaultHttpListenerConfig - Listening for requests on http://0.0.0.0:8081
2018-01-08 11:46:19,755 [main] INFO  org.mule.modules.oauth2.provider.agents.DefaultSplashScreenAgent - 
++++++++++++++++++++++++++++++++++++++++++++++++++++++++++++++++++++++++++++++++
+ DevKit Extensions (0) used in this application 
                             +
++++++++++++++++++++++++++++++++++++++++++++++++++++++++++++++++++++++++++++++++
2018-01-08 11:46:19,755 [main] INFO  org.mule.lifecycle.AbstractLifecycleManager - Starting model: _muleSystemModel
2018-01-08 11:46:19,755 [main] INFO  org.mule.construct.FlowConstructLifecycleManager - Starting flow: muledatabaseFlow
2018-01-08 11:46:19,755 [main] INFO  org.mule.processor.SedaStageLifecycleManager - Starting service: muledatabaseFlow.stage1
2018-01-08 11:46:19,755 [main] INFO  org.mule.construct.FlowConstructLifecycleManager - Starting flow: getFlightsByIdFLow
2018-01-08 11:46:19,755 [main] INFO  org.mule.processor.SedaStageLifecycleManager - Starting service: getFlightsByIdFLow.stage1
2018-01-08 11:46:19,755 [main] INFO  org.mule.construct.FlowConstructLifecycleManager - Starting flow: muledatabaseFlow1
2018-01-08 11:46:19,755 [main] INFO  org.mule.processor.SedaStageLifecycleManager - Starting service: muledatabaseFlow1.stage1
2018-01-08 11:46:19,802 [main] INFO  org.mule.module.management.agent.WrapperManagerAgent - This JVM hasn't been launched by the wrapper, the agent will not run.
2018-01-08 11:46:19,817 [main] INFO  org.mule.DefaultMuleContext - 
**********************************************************************
* Application: muledatabase                                          *
* OS encoding: \, Mule encoding: UTF-8                               *
*                                                                    *
* Agents Running:                                                    *
*   JMX Agent                                                        *
*   DevKit Extension Information                                     *
*   Batch module default engine                                      *
*   Wrapper Manager                                                  *
**********************************************************************
2018-01-08 11:46:37,809 [[muledatabase].HTTP_Listener_Configuration.worker.01] INFO  com.mulesoft.weave.mule.utils.MuleWeaveFactory$ - MimeType was not resolved '*/*' delegating to Java.
2018-01-08 11:46:49,455 [[muledatabase].HTTP_Listener_Configuration.worker.01] INFO  com.mulesoft.weave.mule.utils.MuleWeaveFactory$ - MimeType was not resolved '*/*' delegating to Java.
