2017-12-27 12:57:47,396 [main] INFO  org.mule.module.launcher.application.DefaultMuleApplication - 
++++++++++++++++++++++++++++++++++++++++++++++++++++++++++++
+ Initializing app 'soapwebservice'                        +
++++++++++++++++++++++++++++++++++++++++++++++++++++++++++++
2017-12-27 12:57:47,552 [main] INFO  org.mule.lifecycle.AbstractLifecycleManager - Initialising RegistryBroker
2017-12-27 12:57:47,662 [main] INFO  org.mule.module.extension.internal.manager.DefaultExtensionManager - Starting discovery of extensions
2017-12-27 12:57:47,771 [main] INFO  org.mule.module.extension.internal.manager.DefaultExtensionManager - Discovered 1 extensions
2017-12-27 12:57:47,771 [main] INFO  org.mule.module.extension.internal.manager.DefaultExtensionManager - Registering extension validation (version 3.8)
2017-12-27 12:57:47,833 [main] INFO  org.mule.config.spring.MuleArtifactContext - Refreshing org.mule.config.spring.MuleArtifactContext@3d6300e8: startup date [Wed Dec 27 12:57:47 IST 2017]; root of context hierarchy
2017-12-27 12:57:49,130 [main] INFO  org.mule.config.spring.processors.NoDevkitInjectorProcessor - JSR-330 'javax.inject.Inject' annotation found and supported for autowiring
2017-12-27 12:57:49,869 [main] WARN  org.mule.module.ognl.expression.OgnlExpressionEvaluator - OGNL module is deprecated and will be removed in Mule 4.0. Use MEL expressions instead.
2017-12-27 12:57:50,447 [main] INFO  org.mule.util.journal.TransactionJournal - Using files for tx logs C:\Users\EAI\AnypointStudio\workspace\.mule\.\.mule\soapwebservice\queue-tx-log\tx1.log and C:\Users\EAI\AnypointStudio\workspace\.mule\.\.mule\soapwebservice\queue-tx-log\tx2.log
2017-12-27 12:57:50,458 [main] INFO  org.mule.util.journal.TransactionJournal - Using files for tx logs C:\Users\EAI\AnypointStudio\workspace\.mule\.\.mule\soapwebservice\queue-xa-tx-log\tx1.log and C:\Users\EAI\AnypointStudio\workspace\.mule\.\.mule\soapwebservice\queue-xa-tx-log\tx2.log
2017-12-27 12:57:50,552 [main] INFO  org.mule.lifecycle.AbstractLifecycleManager - Initialising model: _muleSystemModel
2017-12-27 12:57:50,552 [main] INFO  org.mule.construct.FlowConstructLifecycleManager - Initialising flow: soapwebserviceFlow
2017-12-27 12:57:50,552 [main] INFO  org.mule.exception.DefaultMessagingExceptionStrategy - Initialising exception listener: org.mule.exception.DefaultMessagingExceptionStrategy@1ddc6db2
2017-12-27 12:57:50,584 [main] INFO  org.mule.processor.SedaStageLifecycleManager - Initialising service: soapwebserviceFlow.stage1
2017-12-27 12:57:51,005 [main] INFO  org.mule.module.cxf.config.WebServiceFactoryBean - Built CXF Inbound MessageProcessor for service class com.eai.AdditionInterface
2017-12-27 12:57:51,880 [main] INFO  org.mule.component.ComponentLifecycleManager - Initialising component: component.356539350
2017-12-27 12:57:52,141 [main] INFO  org.mule.config.spring.SpringXmlConfigurationBuilder - Configured Mule using "org.mule.config.spring.SpringXmlConfigurationBuilder" with configuration resource(s): "[ConfigResource{resourceName='C:\Users\EAI\AnypointStudio\workspace\.mule\apps\soapwebservice\soapwebservice.xml'}]"
2017-12-27 12:57:52,141 [main] INFO  org.mule.config.builders.AutoConfigurationBuilder - Configured Mule using "org.mule.config.builders.AutoConfigurationBuilder" with configuration resource(s): "[ConfigResource{resourceName='C:\Users\EAI\AnypointStudio\workspace\.mule\apps\soapwebservice\soapwebservice.xml'}]"
2017-12-27 12:57:55,173 [main] INFO  org.mule.module.launcher.application.DefaultMuleApplication - 
++++++++++++++++++++++++++++++++++++++++++++++++++++++++++++
+ Starting app 'soapwebservice'                            +
++++++++++++++++++++++++++++++++++++++++++++++++++++++++++++
2017-12-27 12:57:55,187 [main] INFO  org.mule.util.queue.QueueXaResourceManager - Starting ResourceManager
2017-12-27 12:57:55,187 [main] INFO  org.mule.util.queue.QueueXaResourceManager - Started ResourceManager
2017-12-27 12:57:55,281 [main] INFO  org.mule.module.http.internal.listener.DefaultHttpListenerConfig - Listening for requests on http://0.0.0.0:8081
2017-12-27 12:57:55,281 [main] INFO  org.mule.modules.oauth2.provider.agents.DefaultSplashScreenAgent - 
++++++++++++++++++++++++++++++++++++++++++++++++++++++++++++++++++++++++++++++++
+ DevKit Extensions (0) used in this application 
                             +
++++++++++++++++++++++++++++++++++++++++++++++++++++++++++++++++++++++++++++++++
2017-12-27 12:57:55,281 [main] INFO  org.mule.lifecycle.AbstractLifecycleManager - Starting model: _muleSystemModel
2017-12-27 12:57:55,281 [main] INFO  org.mule.construct.FlowConstructLifecycleManager - Starting flow: soapwebserviceFlow
2017-12-27 12:57:55,281 [main] INFO  org.mule.processor.SedaStageLifecycleManager - Starting service: soapwebserviceFlow.stage1
2017-12-27 12:57:55,296 [main] INFO  org.mule.component.ComponentLifecycleManager - Starting component: component.356539350
2017-12-27 12:57:55,328 [main] INFO  org.mule.module.management.agent.WrapperManagerAgent - This JVM hasn't been launched by the wrapper, the agent will not run.
2017-12-27 12:57:55,343 [main] INFO  org.mule.DefaultMuleContext - 
**********************************************************************
* Application: soapwebservice                                        *
* OS encoding: \, Mule encoding: UTF-8                               *
*                                                                    *
* Agents Running:                                                    *
*   JMX Agent                                                        *
*   DevKit Extension Information                                     *
*   Batch module default engine                                      *
*   Wrapper Manager                                                  *
**********************************************************************
2017-12-27 12:59:35,634 [[soapwebservice].HTTP_Listener_Configuration.worker.01] INFO  org.mule.module.http.internal.listener.HttpListenerRegistry - No listener found for request: (GET)/Addition
2017-12-27 12:59:35,634 [[soapwebservice].HTTP_Listener_Configuration.worker.01] INFO  org.mule.module.http.internal.listener.HttpListenerRegistry - Available listeners are: [(*)/]
2017-12-27 13:00:11,257 [[soapwebservice].HTTP_Listener_Configuration.worker.01] INFO  org.mule.module.http.internal.listener.HttpListenerRegistry - No listener found for request: (GET)/AdditionInterface
2017-12-27 13:00:11,257 [[soapwebservice].HTTP_Listener_Configuration.worker.01] INFO  org.mule.module.http.internal.listener.HttpListenerRegistry - Available listeners are: [(*)/]
2017-12-27 14:17:57,035 [main] INFO  org.mule.module.launcher.application.DefaultMuleApplication - 
++++++++++++++++++++++++++++++++++++++++++++++++++++++++++++
+ Initializing app 'soapwebservice'                        +
++++++++++++++++++++++++++++++++++++++++++++++++++++++++++++
2017-12-27 14:17:57,191 [main] INFO  org.mule.lifecycle.AbstractLifecycleManager - Initialising RegistryBroker
2017-12-27 14:17:57,316 [main] INFO  org.mule.module.extension.internal.manager.DefaultExtensionManager - Starting discovery of extensions
2017-12-27 14:17:57,425 [main] INFO  org.mule.module.extension.internal.manager.DefaultExtensionManager - Discovered 1 extensions
2017-12-27 14:17:57,425 [main] INFO  org.mule.module.extension.internal.manager.DefaultExtensionManager - Registering extension validation (version 3.8)
2017-12-27 14:17:57,519 [main] INFO  org.mule.config.spring.MuleArtifactContext - Refreshing org.mule.config.spring.MuleArtifactContext@3d6300e8: startup date [Wed Dec 27 14:17:57 IST 2017]; root of context hierarchy
2017-12-27 14:17:58,691 [main] INFO  org.mule.config.spring.processors.NoDevkitInjectorProcessor - JSR-330 'javax.inject.Inject' annotation found and supported for autowiring
2017-12-27 14:17:59,364 [main] WARN  org.mule.module.ognl.expression.OgnlExpressionEvaluator - OGNL module is deprecated and will be removed in Mule 4.0. Use MEL expressions instead.
2017-12-27 14:17:59,989 [main] INFO  org.mule.util.journal.TransactionJournal - Using files for tx logs C:\Users\EAI\AnypointStudio\workspace\.mule\.\.mule\soapwebservice\queue-tx-log\tx1.log and C:\Users\EAI\AnypointStudio\workspace\.mule\.\.mule\soapwebservice\queue-tx-log\tx2.log
2017-12-27 14:18:00,014 [main] INFO  org.mule.util.journal.TransactionJournal - Using files for tx logs C:\Users\EAI\AnypointStudio\workspace\.mule\.\.mule\soapwebservice\queue-xa-tx-log\tx1.log and C:\Users\EAI\AnypointStudio\workspace\.mule\.\.mule\soapwebservice\queue-xa-tx-log\tx2.log
2017-12-27 14:18:00,092 [main] INFO  org.mule.lifecycle.AbstractLifecycleManager - Initialising model: _muleSystemModel
2017-12-27 14:18:00,108 [main] INFO  org.mule.construct.FlowConstructLifecycleManager - Initialising flow: soapwebserviceFlow
2017-12-27 14:18:00,108 [main] INFO  org.mule.exception.DefaultMessagingExceptionStrategy - Initialising exception listener: org.mule.exception.DefaultMessagingExceptionStrategy@1b01a0d
2017-12-27 14:18:00,139 [main] INFO  org.mule.processor.SedaStageLifecycleManager - Initialising service: soapwebserviceFlow.stage1
2017-12-27 14:18:00,373 [main] INFO  org.mule.module.cxf.config.WebServiceFactoryBean - Built CXF Inbound MessageProcessor for service class com.eai.AdditionInterface
2017-12-27 14:18:00,826 [main] INFO  org.mule.component.ComponentLifecycleManager - Initialising component: component.356539350
2017-12-27 14:18:01,092 [main] INFO  org.mule.config.spring.SpringXmlConfigurationBuilder - Configured Mule using "org.mule.config.spring.SpringXmlConfigurationBuilder" with configuration resource(s): "[ConfigResource{resourceName='C:\Users\EAI\AnypointStudio\workspace\.mule\apps\soapwebservice\soapwebservice.xml'}]"
2017-12-27 14:18:01,092 [main] INFO  org.mule.config.builders.AutoConfigurationBuilder - Configured Mule using "org.mule.config.builders.AutoConfigurationBuilder" with configuration resource(s): "[ConfigResource{resourceName='C:\Users\EAI\AnypointStudio\workspace\.mule\apps\soapwebservice\soapwebservice.xml'}]"
2017-12-27 14:18:04,116 [main] INFO  org.mule.module.launcher.application.DefaultMuleApplication - 
++++++++++++++++++++++++++++++++++++++++++++++++++++++++++++
+ Starting app 'soapwebservice'                            +
++++++++++++++++++++++++++++++++++++++++++++++++++++++++++++
2017-12-27 14:18:04,125 [main] INFO  org.mule.util.queue.QueueXaResourceManager - Starting ResourceManager
2017-12-27 14:18:04,125 [main] INFO  org.mule.util.queue.QueueXaResourceManager - Started ResourceManager
2017-12-27 14:18:04,157 [main] INFO  org.mule.module.http.internal.listener.DefaultHttpListenerConfig - Listening for requests on http://0.0.0.0:8081
2017-12-27 14:18:04,157 [main] INFO  org.mule.modules.oauth2.provider.agents.DefaultSplashScreenAgent - 
++++++++++++++++++++++++++++++++++++++++++++++++++++++++++++++++++++++++++++++++
+ DevKit Extensions (0) used in this application 
                             +
++++++++++++++++++++++++++++++++++++++++++++++++++++++++++++++++++++++++++++++++
2017-12-27 14:18:04,157 [main] INFO  org.mule.lifecycle.AbstractLifecycleManager - Starting model: _muleSystemModel
2017-12-27 14:18:04,172 [main] INFO  org.mule.construct.FlowConstructLifecycleManager - Starting flow: soapwebserviceFlow
2017-12-27 14:18:04,172 [main] INFO  org.mule.processor.SedaStageLifecycleManager - Starting service: soapwebserviceFlow.stage1
2017-12-27 14:18:04,172 [main] INFO  org.mule.component.ComponentLifecycleManager - Starting component: component.356539350
2017-12-27 14:18:04,204 [main] INFO  org.mule.module.management.agent.WrapperManagerAgent - This JVM hasn't been launched by the wrapper, the agent will not run.
2017-12-27 14:18:04,219 [main] INFO  org.mule.DefaultMuleContext - 
**********************************************************************
* Application: soapwebservice                                        *
* OS encoding: \, Mule encoding: UTF-8                               *
*                                                                    *
* Agents Running:                                                    *
*   JMX Agent                                                        *
*   DevKit Extension Information                                     *
*   Batch module default engine                                      *
*   Wrapper Manager                                                  *
**********************************************************************
2017-12-27 14:18:11,661 [[soapwebservice].HTTP_Listener_Configuration.worker.01] INFO  org.mule.module.http.internal.listener.HttpListenerRegistry - No listener found for request: (GET)/AdditionInterface
2017-12-27 14:18:11,661 [[soapwebservice].HTTP_Listener_Configuration.worker.01] INFO  org.mule.module.http.internal.listener.HttpListenerRegistry - Available listeners are: [(*)/]
2017-12-27 14:47:49,967 [main] INFO  org.mule.module.launcher.application.DefaultMuleApplication - 
++++++++++++++++++++++++++++++++++++++++++++++++++++++++++++
+ Initializing app 'soapwebservice'                        +
++++++++++++++++++++++++++++++++++++++++++++++++++++++++++++
2017-12-27 14:47:50,139 [main] INFO  org.mule.lifecycle.AbstractLifecycleManager - Initialising RegistryBroker
2017-12-27 14:47:50,248 [main] INFO  org.mule.module.extension.internal.manager.DefaultExtensionManager - Starting discovery of extensions
2017-12-27 14:47:50,358 [main] INFO  org.mule.module.extension.internal.manager.DefaultExtensionManager - Discovered 1 extensions
2017-12-27 14:47:50,358 [main] INFO  org.mule.module.extension.internal.manager.DefaultExtensionManager - Registering extension validation (version 3.8)
2017-12-27 14:47:50,420 [main] INFO  org.mule.config.spring.MuleArtifactContext - Refreshing org.mule.config.spring.MuleArtifactContext@3d6300e8: startup date [Wed Dec 27 14:47:50 IST 2017]; root of context hierarchy
2017-12-27 14:47:51,608 [main] INFO  org.mule.config.spring.processors.NoDevkitInjectorProcessor - JSR-330 'javax.inject.Inject' annotation found and supported for autowiring
2017-12-27 14:47:52,331 [main] WARN  org.mule.module.ognl.expression.OgnlExpressionEvaluator - OGNL module is deprecated and will be removed in Mule 4.0. Use MEL expressions instead.
2017-12-27 14:47:52,925 [main] INFO  org.mule.util.journal.TransactionJournal - Using files for tx logs C:\Users\EAI\AnypointStudio\workspace\.mule\.\.mule\soapwebservice\queue-tx-log\tx1.log and C:\Users\EAI\AnypointStudio\workspace\.mule\.\.mule\soapwebservice\queue-tx-log\tx2.log
2017-12-27 14:47:52,939 [main] INFO  org.mule.util.journal.TransactionJournal - Using files for tx logs C:\Users\EAI\AnypointStudio\workspace\.mule\.\.mule\soapwebservice\queue-xa-tx-log\tx1.log and C:\Users\EAI\AnypointStudio\workspace\.mule\.\.mule\soapwebservice\queue-xa-tx-log\tx2.log
2017-12-27 14:47:53,033 [main] INFO  org.mule.lifecycle.AbstractLifecycleManager - Initialising model: _muleSystemModel
2017-12-27 14:47:53,033 [main] INFO  org.mule.construct.FlowConstructLifecycleManager - Initialising flow: soapwebserviceFlow
2017-12-27 14:47:53,033 [main] INFO  org.mule.exception.DefaultMessagingExceptionStrategy - Initialising exception listener: org.mule.exception.DefaultMessagingExceptionStrategy@1b01a0d
2017-12-27 14:47:53,064 [main] INFO  org.mule.processor.SedaStageLifecycleManager - Initialising service: soapwebserviceFlow.stage1
2017-12-27 14:47:53,283 [main] INFO  org.mule.module.cxf.config.WebServiceFactoryBean - Built CXF Inbound MessageProcessor for service class com.eai.AdditionInterface
2017-12-27 14:47:53,924 [main] INFO  org.mule.component.ComponentLifecycleManager - Initialising component: component.356539350
2017-12-27 14:47:54,189 [main] INFO  org.mule.config.spring.SpringXmlConfigurationBuilder - Configured Mule using "org.mule.config.spring.SpringXmlConfigurationBuilder" with configuration resource(s): "[ConfigResource{resourceName='C:\Users\EAI\AnypointStudio\workspace\.mule\apps\soapwebservice\soapwebservice.xml'}]"
2017-12-27 14:47:54,189 [main] INFO  org.mule.config.builders.AutoConfigurationBuilder - Configured Mule using "org.mule.config.builders.AutoConfigurationBuilder" with configuration resource(s): "[ConfigResource{resourceName='C:\Users\EAI\AnypointStudio\workspace\.mule\apps\soapwebservice\soapwebservice.xml'}]"
2017-12-27 14:47:57,208 [main] INFO  org.mule.module.launcher.application.DefaultMuleApplication - 
++++++++++++++++++++++++++++++++++++++++++++++++++++++++++++
+ Starting app 'soapwebservice'                            +
++++++++++++++++++++++++++++++++++++++++++++++++++++++++++++
2017-12-27 14:47:57,214 [main] INFO  org.mule.util.queue.QueueXaResourceManager - Starting ResourceManager
2017-12-27 14:47:57,214 [main] INFO  org.mule.util.queue.QueueXaResourceManager - Started ResourceManager
2017-12-27 14:47:57,308 [main] INFO  org.mule.module.http.internal.listener.DefaultHttpListenerConfig - Listening for requests on http://0.0.0.0:8081
2017-12-27 14:47:57,308 [main] INFO  org.mule.modules.oauth2.provider.agents.DefaultSplashScreenAgent - 
++++++++++++++++++++++++++++++++++++++++++++++++++++++++++++++++++++++++++++++++
+ DevKit Extensions (0) used in this application 
                             +
++++++++++++++++++++++++++++++++++++++++++++++++++++++++++++++++++++++++++++++++
2017-12-27 14:47:57,308 [main] INFO  org.mule.lifecycle.AbstractLifecycleManager - Starting model: _muleSystemModel
2017-12-27 14:47:57,308 [main] INFO  org.mule.construct.FlowConstructLifecycleManager - Starting flow: soapwebserviceFlow
2017-12-27 14:47:57,308 [main] INFO  org.mule.processor.SedaStageLifecycleManager - Starting service: soapwebserviceFlow.stage1
2017-12-27 14:47:57,323 [main] INFO  org.mule.component.ComponentLifecycleManager - Starting component: component.356539350
2017-12-27 14:47:57,355 [main] INFO  org.mule.module.management.agent.WrapperManagerAgent - This JVM hasn't been launched by the wrapper, the agent will not run.
2017-12-27 14:47:57,386 [main] INFO  org.mule.DefaultMuleContext - 
**********************************************************************
* Application: soapwebservice                                        *
* OS encoding: \, Mule encoding: UTF-8                               *
*                                                                    *
* Agents Running:                                                    *
*   JMX Agent                                                        *
*   DevKit Extension Information                                     *
*   Batch module default engine                                      *
*   Wrapper Manager                                                  *
**********************************************************************
2017-12-27 14:48:22,483 [Mule.app.deployer.monitor.1.thread.1] INFO  org.mule.module.launcher.application.DefaultMuleApplication - 
++++++++++++++++++++++++++++++++++++++++++++++++++++++++++++
+ Stopping app 'soapwebservice'                            +
++++++++++++++++++++++++++++++++++++++++++++++++++++++++++++
2017-12-27 14:48:22,483 [Mule.app.deployer.monitor.1.thread.1] INFO  org.mule.construct.FlowConstructLifecycleManager - Stopping flow: soapwebserviceFlow
2017-12-27 14:48:22,483 [Mule.app.deployer.monitor.1.thread.1] INFO  org.mule.processor.SedaStageLifecycleManager - Stopping service: soapwebserviceFlow.stage1
2017-12-27 14:48:22,530 [Mule.app.deployer.monitor.1.thread.1] INFO  org.mule.component.ComponentLifecycleManager - Stopping component: component.356539350
2017-12-27 14:48:22,530 [Mule.app.deployer.monitor.1.thread.1] INFO  org.mule.lifecycle.AbstractLifecycleManager - Stopping model: _muleSystemModel
2017-12-27 14:48:22,592 [Mule.app.deployer.monitor.1.thread.1] INFO  org.mule.module.http.internal.listener.DefaultHttpListenerConfig - Stopped listener on http://0.0.0.0:8081
2017-12-27 14:48:22,592 [Mule.app.deployer.monitor.1.thread.1] INFO  org.mule.util.queue.QueueXaResourceManager - Stopping ResourceManager
2017-12-27 14:48:22,592 [Mule.app.deployer.monitor.1.thread.1] INFO  org.mule.util.queue.QueueXaResourceManager - Stopped ResourceManager
2017-12-27 14:48:22,592 [Mule.app.deployer.monitor.1.thread.1] INFO  org.mule.module.launcher.application.DefaultMuleApplication - 
++++++++++++++++++++++++++++++++++++++++++++++++++++++++++++
+ Disposing app 'soapwebservice'                           +
++++++++++++++++++++++++++++++++++++++++++++++++++++++++++++
2017-12-27 14:48:22,592 [Mule.app.deployer.monitor.1.thread.1] INFO  org.mule.lifecycle.AbstractLifecycleManager - Disposing RegistryBroker
2017-12-27 14:48:22,592 [Mule.app.deployer.monitor.1.thread.1] INFO  org.mule.construct.FlowConstructLifecycleManager - Disposing flow: soapwebserviceFlow
2017-12-27 14:48:22,592 [Mule.app.deployer.monitor.1.thread.1] INFO  org.mule.processor.SedaStageLifecycleManager - Disposing service: soapwebserviceFlow.stage1
2017-12-27 14:48:22,592 [Mule.app.deployer.monitor.1.thread.1] INFO  org.mule.component.ComponentLifecycleManager - Disposing component: component.356539350
2017-12-27 14:48:22,608 [Mule.app.deployer.monitor.1.thread.1] INFO  org.mule.lifecycle.AbstractLifecycleManager - Disposing model: _muleSystemModel
2017-12-27 14:48:22,780 [Mule.app.deployer.monitor.1.thread.1] INFO  org.mule.config.spring.MuleArtifactContext - Closing org.mule.config.spring.MuleArtifactContext@3d6300e8: startup date [Wed Dec 27 14:47:50 IST 2017]; root of context hierarchy
2017-12-27 14:48:22,936 [Mule.app.deployer.monitor.1.thread.1] INFO  org.mule.DefaultMuleContext - 
**********************************************************************
* Application "soapwebservice" shut down normally on: 12/27/17 2:48  *
* PM                                                                 *
* Up for: 0 days, 0 hours, 0 mins, 25.728 sec                        *
**********************************************************************
2017-12-27 14:48:23,045 [Mule.app.deployer.monitor.1.thread.1] INFO  org.mule.module.launcher.application.DefaultMuleApplication - 
++++++++++++++++++++++++++++++++++++++++++++++++++++++++++++
+ Initializing app 'soapwebservice'                        +
++++++++++++++++++++++++++++++++++++++++++++++++++++++++++++
2017-12-27 14:48:23,061 [Mule.app.deployer.monitor.1.thread.1] WARN  com.mulesoft.module.client.APIPlatformClientCoreExtension - Client ID or Client Secret were not provided. API Manager client is DISABLED for app soapwebservice
2017-12-27 14:48:23,061 [Mule.app.deployer.monitor.1.thread.1] INFO  org.mule.lifecycle.AbstractLifecycleManager - Initialising RegistryBroker
2017-12-27 14:48:23,061 [Mule.app.deployer.monitor.1.thread.1] INFO  org.mule.module.extension.internal.manager.DefaultExtensionManager - Starting discovery of extensions
2017-12-27 14:48:23,077 [Mule.app.deployer.monitor.1.thread.1] INFO  org.mule.module.extension.internal.manager.DefaultExtensionManager - Discovered 1 extensions
2017-12-27 14:48:23,077 [Mule.app.deployer.monitor.1.thread.1] INFO  org.mule.module.extension.internal.manager.DefaultExtensionManager - Registering extension validation (version 3.8)
2017-12-27 14:48:23,077 [Mule.app.deployer.monitor.1.thread.1] INFO  org.mule.config.spring.MuleArtifactContext - Refreshing org.mule.config.spring.MuleArtifactContext@3d99ec4e: startup date [Wed Dec 27 14:48:23 IST 2017]; root of context hierarchy
2017-12-27 14:48:23,280 [Mule.app.deployer.monitor.1.thread.1] INFO  org.mule.lifecycle.AbstractLifecycleManager - Disposing RegistryBroker
2017-12-27 14:48:23,483 [Mule.app.deployer.monitor.1.thread.1] ERROR org.mule.module.launcher.application.DefaultMuleApplication - null
org.xml.sax.SAXParseException: The processing instruction target matching "[xX][mM][lL]" is not allowed.
	at org.apache.xerces.util.ErrorHandlerWrapper.createSAXParseException(Unknown Source) ~[?:?]
	at org.apache.xerces.util.ErrorHandlerWrapper.fatalError(Unknown Source) ~[?:?]
	at org.apache.xerces.impl.XMLErrorReporter.reportError(Unknown Source) ~[?:?]
	at org.apache.xerces.impl.XMLErrorReporter.reportError(Unknown Source) ~[?:?]
	at org.apache.xerces.impl.XMLErrorReporter.reportError(Unknown Source) ~[?:?]
	at org.apache.xerces.impl.XMLScanner.reportFatalError(Unknown Source) ~[?:?]
	at org.apache.xerces.impl.XMLScanner.scanPIData(Unknown Source) ~[?:?]
	at org.apache.xerces.impl.XMLDocumentFragmentScannerImpl.scanPIData(Unknown Source) ~[?:?]
	at org.apache.xerces.impl.XMLScanner.scanPI(Unknown Source) ~[?:?]
	at org.apache.xerces.impl.XMLDocumentScannerImpl$PrologDispatcher.dispatch(Unknown Source) ~[?:?]
	at org.apache.xerces.impl.XMLDocumentFragmentScannerImpl.scanDocument(Unknown Source) ~[?:?]
	at org.apache.xerces.parsers.XML11Configuration.parse(Unknown Source) ~[?:?]
	at org.apache.xerces.parsers.XML11Configuration.parse(Unknown Source) ~[?:?]
	at org.apache.xerces.parsers.XMLParser.parse(Unknown Source) ~[?:?]
	at org.apache.xerces.parsers.DOMParser.parse(Unknown Source) ~[?:?]
	at org.apache.xerces.jaxp.DocumentBuilderImpl.parse(Unknown Source) ~[?:?]
	at org.springframework.beans.factory.xml.DefaultDocumentLoader.loadDocument(DefaultDocumentLoader.java:76) ~[spring-beans-4.1.9.RELEASE.jar:4.1.9.RELEASE]
	at org.mule.config.spring.MuleDocumentLoader.loadDocument(MuleDocumentLoader.java:91) ~[mule-module-spring-config-3.8.5.jar:3.8.5]
	at org.springframework.beans.factory.xml.XmlBeanDefinitionReader.doLoadDocument(XmlBeanDefinitionReader.java:429) ~[spring-beans-4.1.9.RELEASE.jar:4.1.9.RELEASE]
	at org.springframework.beans.factory.xml.XmlBeanDefinitionReader.doLoadBeanDefinitions(XmlBeanDefinitionReader.java:391) ~[spring-beans-4.1.9.RELEASE.jar:4.1.9.RELEASE]
	at org.springframework.beans.factory.xml.XmlBeanDefinitionReader.loadBeanDefinitions(XmlBeanDefinitionReader.java:336) ~[spring-beans-4.1.9.RELEASE.jar:4.1.9.RELEASE]
	at org.springframework.beans.factory.xml.XmlBeanDefinitionReader.loadBeanDefinitions(XmlBeanDefinitionReader.java:304) ~[spring-beans-4.1.9.RELEASE.jar:4.1.9.RELEASE]
	at org.springframework.beans.factory.support.AbstractBeanDefinitionReader.loadBeanDefinitions(AbstractBeanDefinitionReader.java:181) ~[spring-beans-4.1.9.RELEASE.jar:4.1.9.RELEASE]
	at org.mule.config.spring.MuleArtifactContext.loadBeanDefinitions(MuleArtifactContext.java:192) ~[mule-module-spring-config-3.8.5.jar:3.8.5]
	at org.springframework.context.support.AbstractRefreshableApplicationContext.refreshBeanFactory(AbstractRefreshableApplicationContext.java:129) ~[spring-context-4.1.9.RELEASE.jar:4.1.9.RELEASE]
	at org.springframework.context.support.AbstractApplicationContext.obtainFreshBeanFactory(AbstractApplicationContext.java:541) ~[spring-context-4.1.9.RELEASE.jar:4.1.9.RELEASE]
	at org.springframework.context.support.AbstractApplicationContext.refresh(AbstractApplicationContext.java:452) ~[spring-context-4.1.9.RELEASE.jar:4.1.9.RELEASE]
	at org.mule.config.spring.SpringRegistry.doInitialise(SpringRegistry.java:108) ~[mule-module-spring-config-3.8.5.jar:3.8.5]
	at org.mule.registry.AbstractRegistry.initialise(AbstractRegistry.java:104) ~[mule-core-3.8.5.jar:3.8.5]
	at org.mule.config.spring.SpringXmlConfigurationBuilder.createSpringRegistry(SpringXmlConfigurationBuilder.java:177) ~[mule-module-spring-config-3.8.5.jar:3.8.5]
	at org.mule.config.spring.SpringXmlConfigurationBuilder.doConfigure(SpringXmlConfigurationBuilder.java:100) ~[mule-module-spring-config-3.8.5.jar:3.8.5]
	at org.mule.config.builders.AbstractConfigurationBuilder.configure(AbstractConfigurationBuilder.java:43) ~[mule-core-3.8.5.jar:3.8.5]
	at org.mule.config.builders.AbstractResourceConfigurationBuilder.configure(AbstractResourceConfigurationBuilder.java:69) ~[mule-core-3.8.5.jar:3.8.5]
	at org.mule.config.builders.AutoConfigurationBuilder.autoConfigure(AutoConfigurationBuilder.java:102) ~[mule-core-3.8.5.jar:3.8.5]
	at org.mule.config.builders.AutoConfigurationBuilder.doConfigure(AutoConfigurationBuilder.java:54) ~[mule-core-3.8.5.jar:3.8.5]
	at org.mule.config.builders.AbstractConfigurationBuilder.configure(AbstractConfigurationBuilder.java:43) ~[mule-core-3.8.5.jar:3.8.5]
	at org.mule.config.builders.AbstractResourceConfigurationBuilder.configure(AbstractResourceConfigurationBuilder.java:69) ~[mule-core-3.8.5.jar:3.8.5]
	at org.mule.context.DefaultMuleContextFactory$1.configure(DefaultMuleContextFactory.java:89) ~[mule-core-3.8.5.jar:3.8.5]
	at org.mule.context.DefaultMuleContextFactory.doCreateMuleContext(DefaultMuleContextFactory.java:222) ~[mule-core-3.8.5.jar:3.8.5]
	at org.mule.context.DefaultMuleContextFactory.createMuleContext(DefaultMuleContextFactory.java:81) ~[mule-core-3.8.5.jar:3.8.5]
	at org.mule.module.launcher.application.DefaultMuleApplication.init(DefaultMuleApplication.java:203) ~[mule-module-launcher-3.8.5.jar:3.8.5]
	at org.mule.module.launcher.artifact.ArtifactWrapper$2.execute(ArtifactWrapper.java:63) ~[mule-module-launcher-3.8.5.jar:3.8.5]
	at org.mule.module.launcher.artifact.ArtifactWrapper.executeWithinArtifactClassLoader(ArtifactWrapper.java:136) ~[mule-module-launcher-3.8.5.jar:3.8.5]
	at org.mule.module.launcher.artifact.ArtifactWrapper.init(ArtifactWrapper.java:58) ~[mule-module-launcher-3.8.5.jar:3.8.5]
	at org.mule.module.launcher.DefaultArtifactDeployer.deploy(DefaultArtifactDeployer.java:25) ~[mule-module-launcher-3.8.5.jar:3.8.5]
	at org.mule.module.launcher.DefaultArchiveDeployer.redeploy(DefaultArchiveDeployer.java:470) ~[mule-module-launcher-3.8.5.jar:3.8.5]
	at org.mule.module.launcher.DeploymentDirectoryWatcher.redeployModifiedArtifacts(DeploymentDirectoryWatcher.java:562) ~[mule-module-launcher-3.8.5.jar:3.8.5]
	at org.mule.module.launcher.DeploymentDirectoryWatcher.redeployModifiedApplications(DeploymentDirectoryWatcher.java:539) ~[mule-module-launcher-3.8.5.jar:3.8.5]
	at org.mule.module.launcher.DeploymentDirectoryWatcher.run(DeploymentDirectoryWatcher.java:352) ~[mule-module-launcher-3.8.5.jar:3.8.5]
	at java.util.concurrent.Executors$RunnableAdapter.call(Unknown Source) ~[?:1.8.0_102]
	at java.util.concurrent.FutureTask.runAndReset(Unknown Source) ~[?:1.8.0_102]
	at java.util.concurrent.ScheduledThreadPoolExecutor$ScheduledFutureTask.access$301(Unknown Source) ~[?:1.8.0_102]
	at java.util.concurrent.ScheduledThreadPoolExecutor$ScheduledFutureTask.run(Unknown Source) ~[?:1.8.0_102]
	at java.util.concurrent.ThreadPoolExecutor.runWorker(Unknown Source) [?:1.8.0_102]
	at java.util.concurrent.ThreadPoolExecutor$Worker.run(Unknown Source) [?:1.8.0_102]
	at java.lang.Thread.run(Unknown Source) [?:1.8.0_102]
2017-12-27 14:48:23,483 [Mule.app.deployer.monitor.1.thread.1] INFO  org.mule.module.launcher.application.DefaultMuleApplication - App 'soapwebservice' never started, nothing to dispose of
2017-12-27 14:49:38,786 [Mule.app.deployer.monitor.1.thread.1] INFO  org.mule.module.launcher.application.DefaultMuleApplication - 
++++++++++++++++++++++++++++++++++++++++++++++++++++++++++++
+ Initializing app 'soapwebservice'                        +
++++++++++++++++++++++++++++++++++++++++++++++++++++++++++++
2017-12-27 14:49:38,801 [Mule.app.deployer.monitor.1.thread.1] WARN  com.mulesoft.module.client.APIPlatformClientCoreExtension - Client ID or Client Secret were not provided. API Manager client is DISABLED for app soapwebservice
2017-12-27 14:49:38,801 [Mule.app.deployer.monitor.1.thread.1] WARN  com.mulesoft.module.client.APIPlatformClientCoreExtension - Client ID or Client Secret were not provided. API Manager client is DISABLED for app soapwebservice
2017-12-27 14:49:38,801 [Mule.app.deployer.monitor.1.thread.1] INFO  org.mule.lifecycle.AbstractLifecycleManager - Initialising RegistryBroker
2017-12-27 14:49:38,801 [Mule.app.deployer.monitor.1.thread.1] INFO  org.mule.module.extension.internal.manager.DefaultExtensionManager - Starting discovery of extensions
2017-12-27 14:49:38,817 [Mule.app.deployer.monitor.1.thread.1] INFO  org.mule.module.extension.internal.manager.DefaultExtensionManager - Discovered 1 extensions
2017-12-27 14:49:38,817 [Mule.app.deployer.monitor.1.thread.1] INFO  org.mule.module.extension.internal.manager.DefaultExtensionManager - Registering extension validation (version 3.8)
2017-12-27 14:49:38,817 [Mule.app.deployer.monitor.1.thread.1] INFO  org.mule.config.spring.MuleArtifactContext - Refreshing org.mule.config.spring.MuleArtifactContext@3395447f: startup date [Wed Dec 27 14:49:38 IST 2017]; root of context hierarchy
2017-12-27 14:49:39,067 [Mule.app.deployer.monitor.1.thread.1] INFO  org.mule.config.spring.processors.NoDevkitInjectorProcessor - JSR-330 'javax.inject.Inject' annotation found and supported for autowiring
2017-12-27 14:49:39,161 [Mule.app.deployer.monitor.1.thread.1] INFO  org.mule.util.journal.TransactionJournal - Using files for tx logs C:\Users\EAI\AnypointStudio\workspace\.mule\.\.mule\soapwebservice\queue-tx-log\tx1.log and C:\Users\EAI\AnypointStudio\workspace\.mule\.\.mule\soapwebservice\queue-tx-log\tx2.log
2017-12-27 14:49:39,161 [Mule.app.deployer.monitor.1.thread.1] INFO  org.mule.util.journal.TransactionJournal - Using files for tx logs C:\Users\EAI\AnypointStudio\workspace\.mule\.\.mule\soapwebservice\queue-xa-tx-log\tx1.log and C:\Users\EAI\AnypointStudio\workspace\.mule\.\.mule\soapwebservice\queue-xa-tx-log\tx2.log
2017-12-27 14:49:39,176 [Mule.app.deployer.monitor.1.thread.1] INFO  org.mule.lifecycle.AbstractLifecycleManager - Initialising model: _muleSystemModel
2017-12-27 14:49:39,176 [Mule.app.deployer.monitor.1.thread.1] INFO  org.mule.construct.FlowConstructLifecycleManager - Initialising flow: soapwebserviceFlow
2017-12-27 14:49:39,176 [Mule.app.deployer.monitor.1.thread.1] INFO  org.mule.exception.DefaultMessagingExceptionStrategy - Initialising exception listener: org.mule.exception.DefaultMessagingExceptionStrategy@2e7e45e3
2017-12-27 14:49:39,176 [Mule.app.deployer.monitor.1.thread.1] INFO  org.mule.processor.SedaStageLifecycleManager - Initialising service: soapwebserviceFlow.stage1
2017-12-27 14:49:39,192 [Mule.app.deployer.monitor.1.thread.1] INFO  org.mule.module.cxf.config.WebServiceFactoryBean - Built CXF Inbound MessageProcessor for service class com.eai.AdditionInterface
2017-12-27 14:49:39,223 [Mule.app.deployer.monitor.1.thread.1] INFO  org.mule.component.ComponentLifecycleManager - Initialising component: component.772143034
2017-12-27 14:49:39,254 [Mule.app.deployer.monitor.1.thread.1] INFO  org.mule.config.spring.SpringXmlConfigurationBuilder - Configured Mule using "org.mule.config.spring.SpringXmlConfigurationBuilder" with configuration resource(s): "[ConfigResource{resourceName='C:\Users\EAI\AnypointStudio\workspace\.mule\apps\soapwebservice\soapwebservice.xml'}]"
2017-12-27 14:49:39,254 [Mule.app.deployer.monitor.1.thread.1] INFO  org.mule.config.builders.AutoConfigurationBuilder - Configured Mule using "org.mule.config.builders.AutoConfigurationBuilder" with configuration resource(s): "[ConfigResource{resourceName='C:\Users\EAI\AnypointStudio\workspace\.mule\apps\soapwebservice\soapwebservice.xml'}]"
2017-12-27 14:49:45,554 [main] INFO  org.mule.module.launcher.application.DefaultMuleApplication - 
++++++++++++++++++++++++++++++++++++++++++++++++++++++++++++
+ Initializing app 'soapwebservice'                        +
++++++++++++++++++++++++++++++++++++++++++++++++++++++++++++
2017-12-27 14:49:45,726 [main] INFO  org.mule.lifecycle.AbstractLifecycleManager - Initialising RegistryBroker
2017-12-27 14:49:45,820 [main] INFO  org.mule.module.extension.internal.manager.DefaultExtensionManager - Starting discovery of extensions
2017-12-27 14:49:45,914 [main] INFO  org.mule.module.extension.internal.manager.DefaultExtensionManager - Discovered 1 extensions
2017-12-27 14:49:45,914 [main] INFO  org.mule.module.extension.internal.manager.DefaultExtensionManager - Registering extension validation (version 3.8)
2017-12-27 14:49:45,976 [main] INFO  org.mule.config.spring.MuleArtifactContext - Refreshing org.mule.config.spring.MuleArtifactContext@3d6300e8: startup date [Wed Dec 27 14:49:45 IST 2017]; root of context hierarchy
2017-12-27 14:49:47,117 [main] INFO  org.mule.config.spring.processors.NoDevkitInjectorProcessor - JSR-330 'javax.inject.Inject' annotation found and supported for autowiring
2017-12-27 14:49:47,768 [main] WARN  org.mule.module.ognl.expression.OgnlExpressionEvaluator - OGNL module is deprecated and will be removed in Mule 4.0. Use MEL expressions instead.
2017-12-27 14:49:48,346 [main] INFO  org.mule.util.journal.TransactionJournal - Using files for tx logs C:\Users\EAI\AnypointStudio\workspace\.mule\.\.mule\soapwebservice\queue-tx-log\tx1.log and C:\Users\EAI\AnypointStudio\workspace\.mule\.\.mule\soapwebservice\queue-tx-log\tx2.log
2017-12-27 14:49:48,360 [main] INFO  org.mule.util.journal.TransactionJournal - Using files for tx logs C:\Users\EAI\AnypointStudio\workspace\.mule\.\.mule\soapwebservice\queue-xa-tx-log\tx1.log and C:\Users\EAI\AnypointStudio\workspace\.mule\.\.mule\soapwebservice\queue-xa-tx-log\tx2.log
2017-12-27 14:49:48,439 [main] INFO  org.mule.lifecycle.AbstractLifecycleManager - Initialising model: _muleSystemModel
2017-12-27 14:49:48,454 [main] INFO  org.mule.construct.FlowConstructLifecycleManager - Initialising flow: soapwebserviceFlow
2017-12-27 14:49:48,454 [main] INFO  org.mule.exception.DefaultMessagingExceptionStrategy - Initialising exception listener: org.mule.exception.DefaultMessagingExceptionStrategy@1b01a0d
2017-12-27 14:49:48,470 [main] INFO  org.mule.processor.SedaStageLifecycleManager - Initialising service: soapwebserviceFlow.stage1
2017-12-27 14:49:48,642 [main] INFO  org.mule.module.cxf.config.WebServiceFactoryBean - Built CXF Inbound MessageProcessor for service class com.eai.AdditionInterface
2017-12-27 14:49:49,220 [main] INFO  org.mule.component.ComponentLifecycleManager - Initialising component: component.356539350
2017-12-27 14:49:49,454 [main] INFO  org.mule.config.spring.SpringXmlConfigurationBuilder - Configured Mule using "org.mule.config.spring.SpringXmlConfigurationBuilder" with configuration resource(s): "[ConfigResource{resourceName='C:\Users\EAI\AnypointStudio\workspace\.mule\apps\soapwebservice\soapwebservice.xml'}]"
2017-12-27 14:49:49,454 [main] INFO  org.mule.config.builders.AutoConfigurationBuilder - Configured Mule using "org.mule.config.builders.AutoConfigurationBuilder" with configuration resource(s): "[ConfigResource{resourceName='C:\Users\EAI\AnypointStudio\workspace\.mule\apps\soapwebservice\soapwebservice.xml'}]"
2017-12-27 14:49:52,478 [main] INFO  org.mule.module.launcher.application.DefaultMuleApplication - 
++++++++++++++++++++++++++++++++++++++++++++++++++++++++++++
+ Starting app 'soapwebservice'                            +
++++++++++++++++++++++++++++++++++++++++++++++++++++++++++++
2017-12-27 14:49:52,485 [main] INFO  org.mule.util.queue.QueueXaResourceManager - Starting ResourceManager
2017-12-27 14:49:52,485 [main] INFO  org.mule.util.queue.QueueXaResourceManager - Started ResourceManager
2017-12-27 14:49:52,594 [main] INFO  org.mule.module.http.internal.listener.DefaultHttpListenerConfig - Listening for requests on http://0.0.0.0:8081
2017-12-27 14:49:52,594 [main] INFO  org.mule.modules.oauth2.provider.agents.DefaultSplashScreenAgent - 
++++++++++++++++++++++++++++++++++++++++++++++++++++++++++++++++++++++++++++++++
+ DevKit Extensions (0) used in this application 
                             +
++++++++++++++++++++++++++++++++++++++++++++++++++++++++++++++++++++++++++++++++
2017-12-27 14:49:52,594 [main] INFO  org.mule.lifecycle.AbstractLifecycleManager - Starting model: _muleSystemModel
2017-12-27 14:49:52,594 [main] INFO  org.mule.construct.FlowConstructLifecycleManager - Starting flow: soapwebserviceFlow
2017-12-27 14:49:52,594 [main] INFO  org.mule.processor.SedaStageLifecycleManager - Starting service: soapwebserviceFlow.stage1
2017-12-27 14:49:52,610 [main] INFO  org.mule.component.ComponentLifecycleManager - Starting component: component.356539350
2017-12-27 14:49:52,641 [main] INFO  org.mule.module.management.agent.WrapperManagerAgent - This JVM hasn't been launched by the wrapper, the agent will not run.
2017-12-27 14:49:52,672 [main] INFO  org.mule.DefaultMuleContext - 
**********************************************************************
* Application: soapwebservice                                        *
* OS encoding: \, Mule encoding: UTF-8                               *
*                                                                    *
* Agents Running:                                                    *
*   JMX Agent                                                        *
*   DevKit Extension Information                                     *
*   Batch module default engine                                      *
*   Wrapper Manager                                                  *
**********************************************************************
2017-12-27 14:50:00,978 [[soapwebservice].HTTP_Listener_Configuration.worker.01] INFO  org.mule.module.http.internal.listener.HttpListenerRegistry - No listener found for request: (GET)/AdditionInterface
2017-12-27 14:50:00,978 [[soapwebservice].HTTP_Listener_Configuration.worker.01] INFO  org.mule.module.http.internal.listener.HttpListenerRegistry - Available listeners are: [(*)/]
2017-12-27 14:50:02,901 [[soapwebservice].HTTP_Listener_Configuration.worker.01] INFO  org.mule.module.http.internal.listener.HttpListenerRegistry - No listener found for request: (GET)/AdditionInterface
2017-12-27 14:50:02,901 [[soapwebservice].HTTP_Listener_Configuration.worker.01] INFO  org.mule.module.http.internal.listener.HttpListenerRegistry - Available listeners are: [(*)/]
2017-12-27 14:53:08,108 [Mule.app.deployer.monitor.1.thread.1] INFO  org.mule.module.launcher.application.DefaultMuleApplication - 
++++++++++++++++++++++++++++++++++++++++++++++++++++++++++++
+ Stopping app 'soapwebservice'                            +
++++++++++++++++++++++++++++++++++++++++++++++++++++++++++++
2017-12-27 14:53:08,108 [Mule.app.deployer.monitor.1.thread.1] INFO  org.mule.construct.FlowConstructLifecycleManager - Stopping flow: soapwebserviceFlow
2017-12-27 14:53:08,108 [Mule.app.deployer.monitor.1.thread.1] INFO  org.mule.processor.SedaStageLifecycleManager - Stopping service: soapwebserviceFlow.stage1
2017-12-27 14:53:08,186 [Mule.app.deployer.monitor.1.thread.1] INFO  org.mule.component.ComponentLifecycleManager - Stopping component: component.356539350
2017-12-27 14:53:08,186 [Mule.app.deployer.monitor.1.thread.1] INFO  org.mule.lifecycle.AbstractLifecycleManager - Stopping model: _muleSystemModel
2017-12-27 14:53:08,202 [Mule.app.deployer.monitor.1.thread.1] INFO  org.mule.module.http.internal.listener.DefaultHttpListenerConfig - Stopped listener on http://0.0.0.0:8081
2017-12-27 14:53:08,202 [Mule.app.deployer.monitor.1.thread.1] INFO  org.mule.util.queue.QueueXaResourceManager - Stopping ResourceManager
2017-12-27 14:53:08,202 [Mule.app.deployer.monitor.1.thread.1] INFO  org.mule.util.queue.QueueXaResourceManager - Stopped ResourceManager
2017-12-27 14:53:08,202 [Mule.app.deployer.monitor.1.thread.1] INFO  org.mule.module.launcher.application.DefaultMuleApplication - 
++++++++++++++++++++++++++++++++++++++++++++++++++++++++++++
+ Disposing app 'soapwebservice'                           +
++++++++++++++++++++++++++++++++++++++++++++++++++++++++++++
2017-12-27 14:53:08,202 [Mule.app.deployer.monitor.1.thread.1] INFO  org.mule.lifecycle.AbstractLifecycleManager - Disposing RegistryBroker
2017-12-27 14:53:08,217 [Mule.app.deployer.monitor.1.thread.1] INFO  org.mule.construct.FlowConstructLifecycleManager - Disposing flow: soapwebserviceFlow
2017-12-27 14:53:08,217 [Mule.app.deployer.monitor.1.thread.1] INFO  org.mule.processor.SedaStageLifecycleManager - Disposing service: soapwebserviceFlow.stage1
2017-12-27 14:53:08,217 [Mule.app.deployer.monitor.1.thread.1] INFO  org.mule.component.ComponentLifecycleManager - Disposing component: component.356539350
2017-12-27 14:53:08,217 [Mule.app.deployer.monitor.1.thread.1] INFO  org.mule.lifecycle.AbstractLifecycleManager - Disposing model: _muleSystemModel
2017-12-27 14:53:08,311 [Mule.app.deployer.monitor.1.thread.1] INFO  org.mule.config.spring.MuleArtifactContext - Closing org.mule.config.spring.MuleArtifactContext@3d6300e8: startup date [Wed Dec 27 14:49:45 IST 2017]; root of context hierarchy
2017-12-27 14:53:08,405 [Mule.app.deployer.monitor.1.thread.1] INFO  org.mule.DefaultMuleContext - 
**********************************************************************
* Application "soapwebservice" shut down normally on: 12/27/17 2:53  *
* PM                                                                 *
* Up for: 0 days, 0 hours, 3 mins, 15.927 sec                        *
**********************************************************************
2017-12-27 14:53:08,514 [Mule.app.deployer.monitor.1.thread.1] INFO  org.mule.module.launcher.application.DefaultMuleApplication - 
++++++++++++++++++++++++++++++++++++++++++++++++++++++++++++
+ Initializing app 'soapwebservice'                        +
++++++++++++++++++++++++++++++++++++++++++++++++++++++++++++
2017-12-27 14:53:08,530 [Mule.app.deployer.monitor.1.thread.1] WARN  com.mulesoft.module.client.APIPlatformClientCoreExtension - Client ID or Client Secret were not provided. API Manager client is DISABLED for app soapwebservice
2017-12-27 14:53:08,530 [Mule.app.deployer.monitor.1.thread.1] INFO  org.mule.lifecycle.AbstractLifecycleManager - Initialising RegistryBroker
2017-12-27 14:53:08,530 [Mule.app.deployer.monitor.1.thread.1] INFO  org.mule.module.extension.internal.manager.DefaultExtensionManager - Starting discovery of extensions
2017-12-27 14:53:08,546 [Mule.app.deployer.monitor.1.thread.1] INFO  org.mule.module.extension.internal.manager.DefaultExtensionManager - Discovered 1 extensions
2017-12-27 14:53:08,546 [Mule.app.deployer.monitor.1.thread.1] INFO  org.mule.module.extension.internal.manager.DefaultExtensionManager - Registering extension validation (version 3.8)
2017-12-27 14:53:08,546 [Mule.app.deployer.monitor.1.thread.1] INFO  org.mule.config.spring.MuleArtifactContext - Refreshing org.mule.config.spring.MuleArtifactContext@7a64cb90: startup date [Wed Dec 27 14:53:08 IST 2017]; root of context hierarchy
2017-12-27 14:53:08,811 [Mule.app.deployer.monitor.1.thread.1] INFO  org.mule.config.spring.processors.NoDevkitInjectorProcessor - JSR-330 'javax.inject.Inject' annotation found and supported for autowiring
2017-12-27 14:53:08,921 [Mule.app.deployer.monitor.1.thread.1] INFO  org.mule.util.journal.TransactionJournal - Using files for tx logs C:\Users\EAI\AnypointStudio\workspace\.mule\.\.mule\soapwebservice\queue-tx-log\tx1.log and C:\Users\EAI\AnypointStudio\workspace\.mule\.\.mule\soapwebservice\queue-tx-log\tx2.log
2017-12-27 14:53:08,921 [Mule.app.deployer.monitor.1.thread.1] INFO  org.mule.util.journal.TransactionJournal - Using files for tx logs C:\Users\EAI\AnypointStudio\workspace\.mule\.\.mule\soapwebservice\queue-xa-tx-log\tx1.log and C:\Users\EAI\AnypointStudio\workspace\.mule\.\.mule\soapwebservice\queue-xa-tx-log\tx2.log
2017-12-27 14:53:08,921 [Mule.app.deployer.monitor.1.thread.1] INFO  org.mule.lifecycle.AbstractLifecycleManager - Initialising model: _muleSystemModel
2017-12-27 14:53:08,936 [Mule.app.deployer.monitor.1.thread.1] INFO  org.mule.construct.FlowConstructLifecycleManager - Initialising flow: soapwebserviceFlow
2017-12-27 14:53:08,936 [Mule.app.deployer.monitor.1.thread.1] INFO  org.mule.exception.DefaultMessagingExceptionStrategy - Initialising exception listener: org.mule.exception.DefaultMessagingExceptionStrategy@21bbd6c2
2017-12-27 14:53:08,936 [Mule.app.deployer.monitor.1.thread.1] INFO  org.mule.processor.SedaStageLifecycleManager - Initialising service: soapwebserviceFlow.stage1
2017-12-27 14:53:08,952 [Mule.app.deployer.monitor.1.thread.1] INFO  org.mule.module.cxf.config.WebServiceFactoryBean - Built CXF Inbound MessageProcessor for service class com.eai.AdditionInterface
2017-12-27 14:53:08,999 [Mule.app.deployer.monitor.1.thread.1] INFO  org.mule.component.ComponentLifecycleManager - Initialising component: component.101240855
2017-12-27 14:53:09,077 [Mule.app.deployer.monitor.1.thread.1] INFO  org.mule.config.spring.SpringXmlConfigurationBuilder - Configured Mule using "org.mule.config.spring.SpringXmlConfigurationBuilder" with configuration resource(s): "[ConfigResource{resourceName='C:\Users\EAI\AnypointStudio\workspace\.mule\apps\soapwebservice\soapwebservice.xml'}]"
2017-12-27 14:53:09,077 [Mule.app.deployer.monitor.1.thread.1] INFO  org.mule.config.builders.AutoConfigurationBuilder - Configured Mule using "org.mule.config.builders.AutoConfigurationBuilder" with configuration resource(s): "[ConfigResource{resourceName='C:\Users\EAI\AnypointStudio\workspace\.mule\apps\soapwebservice\soapwebservice.xml'}]"
2017-12-27 14:53:12,093 [Mule.app.deployer.monitor.1.thread.1] INFO  org.mule.module.launcher.application.DefaultMuleApplication - 
++++++++++++++++++++++++++++++++++++++++++++++++++++++++++++
+ Starting app 'soapwebservice'                            +
++++++++++++++++++++++++++++++++++++++++++++++++++++++++++++
2017-12-27 14:53:12,098 [Mule.app.deployer.monitor.1.thread.1] INFO  org.mule.util.queue.QueueXaResourceManager - Starting ResourceManager
2017-12-27 14:53:12,098 [Mule.app.deployer.monitor.1.thread.1] INFO  org.mule.util.queue.QueueXaResourceManager - Started ResourceManager
2017-12-27 14:53:12,129 [Mule.app.deployer.monitor.1.thread.1] INFO  org.mule.module.http.internal.listener.DefaultHttpListenerConfig - Listening for requests on http://0.0.0.0:8081
2017-12-27 14:53:12,145 [Mule.app.deployer.monitor.1.thread.1] INFO  org.mule.modules.oauth2.provider.agents.DefaultSplashScreenAgent - 
++++++++++++++++++++++++++++++++++++++++++++++++++++++++++++++++++++++++++++++++
+ DevKit Extensions (0) used in this application 
                             +
++++++++++++++++++++++++++++++++++++++++++++++++++++++++++++++++++++++++++++++++
2017-12-27 14:53:12,145 [Mule.app.deployer.monitor.1.thread.1] INFO  org.mule.lifecycle.AbstractLifecycleManager - Starting model: _muleSystemModel
2017-12-27 14:53:12,145 [Mule.app.deployer.monitor.1.thread.1] INFO  org.mule.construct.FlowConstructLifecycleManager - Starting flow: soapwebserviceFlow
2017-12-27 14:53:12,145 [Mule.app.deployer.monitor.1.thread.1] INFO  org.mule.processor.SedaStageLifecycleManager - Starting service: soapwebserviceFlow.stage1
2017-12-27 14:53:12,145 [Mule.app.deployer.monitor.1.thread.1] INFO  org.mule.component.ComponentLifecycleManager - Starting component: component.101240855
2017-12-27 14:53:12,161 [Mule.app.deployer.monitor.1.thread.1] INFO  org.mule.module.management.agent.WrapperManagerAgent - This JVM hasn't been launched by the wrapper, the agent will not run.
2017-12-27 14:53:12,161 [Mule.app.deployer.monitor.1.thread.1] INFO  org.mule.DefaultMuleContext - 
**********************************************************************
* Application: soapwebservice                                        *
* OS encoding: \, Mule encoding: UTF-8                               *
*                                                                    *
* Agents Running:                                                    *
*   JMX Agent                                                        *
*   DevKit Extension Information                                     *
*   Batch module default engine                                      *
*   Wrapper Manager                                                  *
**********************************************************************
2017-12-27 14:55:31,606 [main] INFO  org.mule.module.launcher.application.DefaultMuleApplication - 
++++++++++++++++++++++++++++++++++++++++++++++++++++++++++++
+ Initializing app 'soapwebservice'                        +
++++++++++++++++++++++++++++++++++++++++++++++++++++++++++++
2017-12-27 14:55:31,778 [main] INFO  org.mule.lifecycle.AbstractLifecycleManager - Initialising RegistryBroker
2017-12-27 14:55:31,871 [main] INFO  org.mule.module.extension.internal.manager.DefaultExtensionManager - Starting discovery of extensions
2017-12-27 14:55:31,981 [main] INFO  org.mule.module.extension.internal.manager.DefaultExtensionManager - Discovered 1 extensions
2017-12-27 14:55:31,981 [main] INFO  org.mule.module.extension.internal.manager.DefaultExtensionManager - Registering extension validation (version 3.8)
2017-12-27 14:55:32,043 [main] INFO  org.mule.config.spring.MuleArtifactContext - Refreshing org.mule.config.spring.MuleArtifactContext@3d6300e8: startup date [Wed Dec 27 14:55:32 IST 2017]; root of context hierarchy
2017-12-27 14:55:33,215 [main] INFO  org.mule.config.spring.processors.NoDevkitInjectorProcessor - JSR-330 'javax.inject.Inject' annotation found and supported for autowiring
2017-12-27 14:55:33,908 [main] WARN  org.mule.module.ognl.expression.OgnlExpressionEvaluator - OGNL module is deprecated and will be removed in Mule 4.0. Use MEL expressions instead.
2017-12-27 14:55:34,486 [main] INFO  org.mule.util.journal.TransactionJournal - Using files for tx logs C:\Users\EAI\AnypointStudio\workspace\.mule\.\.mule\soapwebservice\queue-tx-log\tx1.log and C:\Users\EAI\AnypointStudio\workspace\.mule\.\.mule\soapwebservice\queue-tx-log\tx2.log
2017-12-27 14:55:34,495 [main] INFO  org.mule.util.journal.TransactionJournal - Using files for tx logs C:\Users\EAI\AnypointStudio\workspace\.mule\.\.mule\soapwebservice\queue-xa-tx-log\tx1.log and C:\Users\EAI\AnypointStudio\workspace\.mule\.\.mule\soapwebservice\queue-xa-tx-log\tx2.log
2017-12-27 14:55:34,573 [main] INFO  org.mule.lifecycle.AbstractLifecycleManager - Initialising model: _muleSystemModel
2017-12-27 14:55:34,589 [main] INFO  org.mule.construct.FlowConstructLifecycleManager - Initialising flow: soapwebserviceFlow
2017-12-27 14:55:34,589 [main] INFO  org.mule.exception.DefaultMessagingExceptionStrategy - Initialising exception listener: org.mule.exception.DefaultMessagingExceptionStrategy@1b01a0d
2017-12-27 14:55:34,605 [main] INFO  org.mule.processor.SedaStageLifecycleManager - Initialising service: soapwebserviceFlow.stage1
2017-12-27 14:55:34,792 [main] INFO  org.mule.module.cxf.config.WebServiceFactoryBean - Built CXF Inbound MessageProcessor for service class com.eai.AdditionInterface
2017-12-27 14:55:35,339 [main] INFO  org.mule.component.ComponentLifecycleManager - Initialising component: component.356539350
2017-12-27 14:55:35,589 [main] INFO  org.mule.config.spring.SpringXmlConfigurationBuilder - Configured Mule using "org.mule.config.spring.SpringXmlConfigurationBuilder" with configuration resource(s): "[ConfigResource{resourceName='C:\Users\EAI\AnypointStudio\workspace\.mule\apps\soapwebservice\soapwebservice.xml'}]"
2017-12-27 14:55:35,589 [main] INFO  org.mule.config.builders.AutoConfigurationBuilder - Configured Mule using "org.mule.config.builders.AutoConfigurationBuilder" with configuration resource(s): "[ConfigResource{resourceName='C:\Users\EAI\AnypointStudio\workspace\.mule\apps\soapwebservice\soapwebservice.xml'}]"
2017-12-27 14:55:38,600 [main] INFO  org.mule.module.launcher.application.DefaultMuleApplication - 
++++++++++++++++++++++++++++++++++++++++++++++++++++++++++++
+ Starting app 'soapwebservice'                            +
++++++++++++++++++++++++++++++++++++++++++++++++++++++++++++
2017-12-27 14:55:38,609 [main] INFO  org.mule.util.queue.QueueXaResourceManager - Starting ResourceManager
2017-12-27 14:55:38,609 [main] INFO  org.mule.util.queue.QueueXaResourceManager - Started ResourceManager
2017-12-27 14:55:38,672 [main] INFO  org.mule.module.http.internal.listener.DefaultHttpListenerConfig - Listening for requests on http://0.0.0.0:8081
2017-12-27 14:55:38,687 [main] INFO  org.mule.modules.oauth2.provider.agents.DefaultSplashScreenAgent - 
++++++++++++++++++++++++++++++++++++++++++++++++++++++++++++++++++++++++++++++++
+ DevKit Extensions (0) used in this application 
                             +
++++++++++++++++++++++++++++++++++++++++++++++++++++++++++++++++++++++++++++++++
2017-12-27 14:55:38,687 [main] INFO  org.mule.lifecycle.AbstractLifecycleManager - Starting model: _muleSystemModel
2017-12-27 14:55:38,687 [main] INFO  org.mule.construct.FlowConstructLifecycleManager - Starting flow: soapwebserviceFlow
2017-12-27 14:55:38,687 [main] INFO  org.mule.processor.SedaStageLifecycleManager - Starting service: soapwebserviceFlow.stage1
2017-12-27 14:55:38,687 [main] INFO  org.mule.component.ComponentLifecycleManager - Starting component: component.356539350
2017-12-27 14:55:38,734 [main] INFO  org.mule.module.management.agent.WrapperManagerAgent - This JVM hasn't been launched by the wrapper, the agent will not run.
2017-12-27 14:55:38,750 [main] INFO  org.mule.DefaultMuleContext - 
**********************************************************************
* Application: soapwebservice                                        *
* OS encoding: \, Mule encoding: UTF-8                               *
*                                                                    *
* Agents Running:                                                    *
*   JMX Agent                                                        *
*   DevKit Extension Information                                     *
*   Batch module default engine                                      *
*   Wrapper Manager                                                  *
**********************************************************************
2018-01-10 14:38:45,404 [main] INFO  org.mule.module.launcher.application.DefaultMuleApplication - 
++++++++++++++++++++++++++++++++++++++++++++++++++++++++++++
+ Initializing app 'soapwebservice'                        +
++++++++++++++++++++++++++++++++++++++++++++++++++++++++++++
2018-01-10 14:38:45,592 [main] INFO  org.mule.lifecycle.AbstractLifecycleManager - Initialising RegistryBroker
2018-01-10 14:38:45,685 [main] INFO  org.mule.module.extension.internal.manager.DefaultExtensionManager - Starting discovery of extensions
2018-01-10 14:38:45,795 [main] INFO  org.mule.module.extension.internal.manager.DefaultExtensionManager - Discovered 1 extensions
2018-01-10 14:38:45,795 [main] INFO  org.mule.module.extension.internal.manager.DefaultExtensionManager - Registering extension validation (version 3.8)
2018-01-10 14:38:45,857 [main] INFO  org.mule.config.spring.MuleArtifactContext - Refreshing org.mule.config.spring.MuleArtifactContext@3d6300e8: startup date [Wed Jan 10 14:38:45 IST 2018]; root of context hierarchy
2018-01-10 14:38:47,139 [main] INFO  org.mule.config.spring.processors.NoDevkitInjectorProcessor - JSR-330 'javax.inject.Inject' annotation found and supported for autowiring
2018-01-10 14:38:47,859 [main] WARN  org.mule.module.ognl.expression.OgnlExpressionEvaluator - OGNL module is deprecated and will be removed in Mule 4.0. Use MEL expressions instead.
2018-01-10 14:38:48,343 [main] INFO  org.mule.util.journal.TransactionJournal - Using files for tx logs C:\Users\EAI\AnypointStudio\workspace\.mule\.\.mule\soapwebservice\queue-tx-log\tx1.log and C:\Users\EAI\AnypointStudio\workspace\.mule\.\.mule\soapwebservice\queue-tx-log\tx2.log
2018-01-10 14:38:48,360 [main] INFO  org.mule.util.journal.TransactionJournal - Using files for tx logs C:\Users\EAI\AnypointStudio\workspace\.mule\.\.mule\soapwebservice\queue-xa-tx-log\tx1.log and C:\Users\EAI\AnypointStudio\workspace\.mule\.\.mule\soapwebservice\queue-xa-tx-log\tx2.log
2018-01-10 14:38:48,453 [main] INFO  org.mule.lifecycle.AbstractLifecycleManager - Initialising model: _muleSystemModel
2018-01-10 14:38:48,453 [main] INFO  org.mule.construct.FlowConstructLifecycleManager - Initialising flow: soapwebserviceFlow
2018-01-10 14:38:48,453 [main] INFO  org.mule.exception.DefaultMessagingExceptionStrategy - Initialising exception listener: org.mule.exception.DefaultMessagingExceptionStrategy@1b01a0d
2018-01-10 14:38:48,485 [main] INFO  org.mule.processor.SedaStageLifecycleManager - Initialising service: soapwebserviceFlow.stage1
2018-01-10 14:38:48,719 [main] INFO  org.mule.module.cxf.config.WebServiceFactoryBean - Built CXF Inbound MessageProcessor for service class com.eai.AdditionInterface
2018-01-10 14:38:49,406 [main] INFO  org.mule.component.ComponentLifecycleManager - Initialising component: component.356539350
2018-01-10 14:38:49,704 [main] INFO  org.mule.config.spring.SpringXmlConfigurationBuilder - Configured Mule using "org.mule.config.spring.SpringXmlConfigurationBuilder" with configuration resource(s): "[ConfigResource{resourceName='C:\Users\EAI\AnypointStudio\workspace\.mule\apps\soapwebservice\soapwebservice.xml'}]"
2018-01-10 14:38:49,704 [main] INFO  org.mule.config.builders.AutoConfigurationBuilder - Configured Mule using "org.mule.config.builders.AutoConfigurationBuilder" with configuration resource(s): "[ConfigResource{resourceName='C:\Users\EAI\AnypointStudio\workspace\.mule\apps\soapwebservice\soapwebservice.xml'}]"
2018-01-10 14:38:52,750 [main] INFO  org.mule.module.launcher.application.DefaultMuleApplication - 
++++++++++++++++++++++++++++++++++++++++++++++++++++++++++++
+ Starting app 'soapwebservice'                            +
++++++++++++++++++++++++++++++++++++++++++++++++++++++++++++
2018-01-10 14:38:52,754 [main] INFO  org.mule.util.queue.QueueXaResourceManager - Starting ResourceManager
2018-01-10 14:38:52,754 [main] INFO  org.mule.util.queue.QueueXaResourceManager - Started ResourceManager
2018-01-10 14:38:52,801 [main] INFO  org.mule.module.http.internal.listener.DefaultHttpListenerConfig - Listening for requests on http://0.0.0.0:8081
2018-01-10 14:38:52,801 [main] INFO  org.mule.modules.oauth2.provider.agents.DefaultSplashScreenAgent - 
++++++++++++++++++++++++++++++++++++++++++++++++++++++++++++++++++++++++++++++++
+ DevKit Extensions (0) used in this application 
                             +
++++++++++++++++++++++++++++++++++++++++++++++++++++++++++++++++++++++++++++++++
2018-01-10 14:38:52,801 [main] INFO  org.mule.lifecycle.AbstractLifecycleManager - Starting model: _muleSystemModel
2018-01-10 14:38:52,801 [main] INFO  org.mule.construct.FlowConstructLifecycleManager - Starting flow: soapwebserviceFlow
2018-01-10 14:38:52,801 [main] INFO  org.mule.processor.SedaStageLifecycleManager - Starting service: soapwebserviceFlow.stage1
2018-01-10 14:38:52,801 [main] INFO  org.mule.component.ComponentLifecycleManager - Starting component: component.356539350
2018-01-10 14:38:52,848 [main] INFO  org.mule.module.management.agent.WrapperManagerAgent - This JVM hasn't been launched by the wrapper, the agent will not run.
2018-01-10 14:38:52,863 [main] INFO  org.mule.DefaultMuleContext - 
**********************************************************************
* Application: soapwebservice                                        *
* OS encoding: \, Mule encoding: UTF-8                               *
*                                                                    *
* Agents Running:                                                    *
*   JMX Agent                                                        *
*   DevKit Extension Information                                     *
*   Batch module default engine                                      *
*   Wrapper Manager                                                  *
**********************************************************************
2018-01-10 14:39:48,505 [[soapwebservice].HTTP_Listener_Configuration.worker.01] INFO  org.mule.module.http.internal.listener.HttpListenerRegistry - No listener found for request: (GET)/favicon.ico
2018-01-10 14:39:48,505 [[soapwebservice].HTTP_Listener_Configuration.worker.01] INFO  org.mule.module.http.internal.listener.HttpListenerRegistry - Available listeners are: [(*)/Add/]
2018-01-10 14:54:05,381 [main] INFO  org.mule.module.launcher.application.DefaultMuleApplication - 
++++++++++++++++++++++++++++++++++++++++++++++++++++++++++++
+ Initializing app 'soapwebservice'                        +
++++++++++++++++++++++++++++++++++++++++++++++++++++++++++++
2018-01-10 14:54:05,574 [main] INFO  org.mule.lifecycle.AbstractLifecycleManager - Initialising RegistryBroker
2018-01-10 14:54:05,668 [main] INFO  org.mule.module.extension.internal.manager.DefaultExtensionManager - Starting discovery of extensions
2018-01-10 14:54:05,777 [main] INFO  org.mule.module.extension.internal.manager.DefaultExtensionManager - Discovered 1 extensions
2018-01-10 14:54:05,777 [main] INFO  org.mule.module.extension.internal.manager.DefaultExtensionManager - Registering extension validation (version 3.8)
2018-01-10 14:54:05,840 [main] INFO  org.mule.config.spring.MuleArtifactContext - Refreshing org.mule.config.spring.MuleArtifactContext@3d6300e8: startup date [Wed Jan 10 14:54:05 IST 2018]; root of context hierarchy
2018-01-10 14:54:06,982 [main] INFO  org.mule.config.spring.processors.NoDevkitInjectorProcessor - JSR-330 'javax.inject.Inject' annotation found and supported for autowiring
2018-01-10 14:54:07,730 [main] WARN  org.mule.module.ognl.expression.OgnlExpressionEvaluator - OGNL module is deprecated and will be removed in Mule 4.0. Use MEL expressions instead.
2018-01-10 14:54:08,359 [main] INFO  org.mule.util.journal.TransactionJournal - Using files for tx logs C:\Users\EAI\AnypointStudio\workspace\.mule\.\.mule\soapwebservice\queue-tx-log\tx1.log and C:\Users\EAI\AnypointStudio\workspace\.mule\.\.mule\soapwebservice\queue-tx-log\tx2.log
2018-01-10 14:54:08,363 [main] INFO  org.mule.util.journal.TransactionJournal - Using files for tx logs C:\Users\EAI\AnypointStudio\workspace\.mule\.\.mule\soapwebservice\queue-xa-tx-log\tx1.log and C:\Users\EAI\AnypointStudio\workspace\.mule\.\.mule\soapwebservice\queue-xa-tx-log\tx2.log
2018-01-10 14:54:08,441 [main] INFO  org.mule.lifecycle.AbstractLifecycleManager - Initialising model: _muleSystemModel
2018-01-10 14:54:08,441 [main] INFO  org.mule.construct.FlowConstructLifecycleManager - Initialising flow: soapwebserviceFlow
2018-01-10 14:54:08,441 [main] INFO  org.mule.exception.DefaultMessagingExceptionStrategy - Initialising exception listener: org.mule.exception.DefaultMessagingExceptionStrategy@1b01a0d
2018-01-10 14:54:08,472 [main] INFO  org.mule.processor.SedaStageLifecycleManager - Initialising service: soapwebserviceFlow.stage1
2018-01-10 14:54:08,660 [main] INFO  org.mule.module.cxf.config.WebServiceFactoryBean - Built CXF Inbound MessageProcessor for service class com.eai.AdditionInterface
2018-01-10 14:54:09,144 [main] INFO  org.mule.component.ComponentLifecycleManager - Initialising component: component.356539350
2018-01-10 14:54:09,391 [main] INFO  org.mule.config.spring.SpringXmlConfigurationBuilder - Configured Mule using "org.mule.config.spring.SpringXmlConfigurationBuilder" with configuration resource(s): "[ConfigResource{resourceName='C:\Users\EAI\AnypointStudio\workspace\.mule\apps\soapwebservice\soapwebservice.xml'}]"
2018-01-10 14:54:09,391 [main] INFO  org.mule.config.builders.AutoConfigurationBuilder - Configured Mule using "org.mule.config.builders.AutoConfigurationBuilder" with configuration resource(s): "[ConfigResource{resourceName='C:\Users\EAI\AnypointStudio\workspace\.mule\apps\soapwebservice\soapwebservice.xml'}]"
2018-01-10 14:54:12,422 [main] INFO  org.mule.module.launcher.application.DefaultMuleApplication - 
++++++++++++++++++++++++++++++++++++++++++++++++++++++++++++
+ Starting app 'soapwebservice'                            +
++++++++++++++++++++++++++++++++++++++++++++++++++++++++++++
2018-01-10 14:54:12,428 [main] INFO  org.mule.util.queue.QueueXaResourceManager - Starting ResourceManager
2018-01-10 14:54:12,428 [main] INFO  org.mule.util.queue.QueueXaResourceManager - Started ResourceManager
2018-01-10 14:54:12,490 [main] INFO  org.mule.module.http.internal.listener.DefaultHttpListenerConfig - Listening for requests on http://0.0.0.0:8081
2018-01-10 14:54:12,490 [main] INFO  org.mule.modules.oauth2.provider.agents.DefaultSplashScreenAgent - 
++++++++++++++++++++++++++++++++++++++++++++++++++++++++++++++++++++++++++++++++
+ DevKit Extensions (0) used in this application 
                             +
++++++++++++++++++++++++++++++++++++++++++++++++++++++++++++++++++++++++++++++++
2018-01-10 14:54:12,490 [main] INFO  org.mule.lifecycle.AbstractLifecycleManager - Starting model: _muleSystemModel
2018-01-10 14:54:12,506 [main] INFO  org.mule.construct.FlowConstructLifecycleManager - Starting flow: soapwebserviceFlow
2018-01-10 14:54:12,506 [main] INFO  org.mule.processor.SedaStageLifecycleManager - Starting service: soapwebserviceFlow.stage1
2018-01-10 14:54:12,506 [main] INFO  org.mule.component.ComponentLifecycleManager - Starting component: component.356539350
2018-01-10 14:54:12,537 [main] INFO  org.mule.module.management.agent.WrapperManagerAgent - This JVM hasn't been launched by the wrapper, the agent will not run.
2018-01-10 14:54:12,553 [main] INFO  org.mule.DefaultMuleContext - 
**********************************************************************
* Application: soapwebservice                                        *
* OS encoding: \, Mule encoding: UTF-8                               *
*                                                                    *
* Agents Running:                                                    *
*   JMX Agent                                                        *
*   DevKit Extension Information                                     *
*   Batch module default engine                                      *
*   Wrapper Manager                                                  *
**********************************************************************
2018-01-10 14:55:47,355 [main] INFO  org.mule.module.launcher.application.DefaultMuleApplication - 
++++++++++++++++++++++++++++++++++++++++++++++++++++++++++++
+ Initializing app 'soapwebservice'                        +
++++++++++++++++++++++++++++++++++++++++++++++++++++++++++++
2018-01-10 14:55:47,558 [main] INFO  org.mule.lifecycle.AbstractLifecycleManager - Initialising RegistryBroker
2018-01-10 14:55:47,668 [main] INFO  org.mule.module.extension.internal.manager.DefaultExtensionManager - Starting discovery of extensions
2018-01-10 14:55:47,793 [main] INFO  org.mule.module.extension.internal.manager.DefaultExtensionManager - Discovered 1 extensions
2018-01-10 14:55:47,793 [main] INFO  org.mule.module.extension.internal.manager.DefaultExtensionManager - Registering extension validation (version 3.8)
2018-01-10 14:55:47,871 [main] INFO  org.mule.config.spring.MuleArtifactContext - Refreshing org.mule.config.spring.MuleArtifactContext@3d6300e8: startup date [Wed Jan 10 14:55:47 IST 2018]; root of context hierarchy
2018-01-10 14:55:49,097 [main] INFO  org.mule.config.spring.processors.NoDevkitInjectorProcessor - JSR-330 'javax.inject.Inject' annotation found and supported for autowiring
2018-01-10 14:55:49,749 [main] WARN  org.mule.module.ognl.expression.OgnlExpressionEvaluator - OGNL module is deprecated and will be removed in Mule 4.0. Use MEL expressions instead.
2018-01-10 14:55:50,312 [main] INFO  org.mule.util.journal.TransactionJournal - Using files for tx logs C:\Users\EAI\AnypointStudio\workspace\.mule\.\.mule\soapwebservice\queue-tx-log\tx1.log and C:\Users\EAI\AnypointStudio\workspace\.mule\.\.mule\soapwebservice\queue-tx-log\tx2.log
2018-01-10 14:55:50,324 [main] INFO  org.mule.util.journal.TransactionJournal - Using files for tx logs C:\Users\EAI\AnypointStudio\workspace\.mule\.\.mule\soapwebservice\queue-xa-tx-log\tx1.log and C:\Users\EAI\AnypointStudio\workspace\.mule\.\.mule\soapwebservice\queue-xa-tx-log\tx2.log
2018-01-10 14:55:50,418 [main] INFO  org.mule.lifecycle.AbstractLifecycleManager - Initialising model: _muleSystemModel
2018-01-10 14:55:50,418 [main] INFO  org.mule.construct.FlowConstructLifecycleManager - Initialising flow: soapwebserviceFlow
2018-01-10 14:55:50,418 [main] INFO  org.mule.exception.DefaultMessagingExceptionStrategy - Initialising exception listener: org.mule.exception.DefaultMessagingExceptionStrategy@1b01a0d
2018-01-10 14:55:50,449 [main] INFO  org.mule.processor.SedaStageLifecycleManager - Initialising service: soapwebserviceFlow.stage1
2018-01-10 14:55:50,636 [main] INFO  org.mule.module.cxf.config.WebServiceFactoryBean - Built CXF Inbound MessageProcessor for service class com.eai.AdditionInterface
2018-01-10 14:55:51,246 [main] INFO  org.mule.component.ComponentLifecycleManager - Initialising component: component.356539350
2018-01-10 14:55:51,545 [main] INFO  org.mule.config.spring.SpringXmlConfigurationBuilder - Configured Mule using "org.mule.config.spring.SpringXmlConfigurationBuilder" with configuration resource(s): "[ConfigResource{resourceName='C:\Users\EAI\AnypointStudio\workspace\.mule\apps\soapwebservice\soapwebservice.xml'}]"
2018-01-10 14:55:51,545 [main] INFO  org.mule.config.builders.AutoConfigurationBuilder - Configured Mule using "org.mule.config.builders.AutoConfigurationBuilder" with configuration resource(s): "[ConfigResource{resourceName='C:\Users\EAI\AnypointStudio\workspace\.mule\apps\soapwebservice\soapwebservice.xml'}]"
2018-01-10 14:55:54,589 [main] INFO  org.mule.module.launcher.application.DefaultMuleApplication - 
++++++++++++++++++++++++++++++++++++++++++++++++++++++++++++
+ Starting app 'soapwebservice'                            +
++++++++++++++++++++++++++++++++++++++++++++++++++++++++++++
2018-01-10 14:55:54,597 [main] INFO  org.mule.util.queue.QueueXaResourceManager - Starting ResourceManager
2018-01-10 14:55:54,597 [main] INFO  org.mule.util.queue.QueueXaResourceManager - Started ResourceManager
2018-01-10 14:55:54,659 [main] INFO  org.mule.module.http.internal.listener.DefaultHttpListenerConfig - Listening for requests on http://0.0.0.0:8081
2018-01-10 14:55:54,659 [main] INFO  org.mule.modules.oauth2.provider.agents.DefaultSplashScreenAgent - 
++++++++++++++++++++++++++++++++++++++++++++++++++++++++++++++++++++++++++++++++
+ DevKit Extensions (0) used in this application 
                             +
++++++++++++++++++++++++++++++++++++++++++++++++++++++++++++++++++++++++++++++++
2018-01-10 14:55:54,659 [main] INFO  org.mule.lifecycle.AbstractLifecycleManager - Starting model: _muleSystemModel
2018-01-10 14:55:54,659 [main] INFO  org.mule.construct.FlowConstructLifecycleManager - Starting flow: soapwebserviceFlow
2018-01-10 14:55:54,659 [main] INFO  org.mule.processor.SedaStageLifecycleManager - Starting service: soapwebserviceFlow.stage1
2018-01-10 14:55:54,675 [main] INFO  org.mule.component.ComponentLifecycleManager - Starting component: component.356539350
2018-01-10 14:55:54,706 [main] INFO  org.mule.module.management.agent.WrapperManagerAgent - This JVM hasn't been launched by the wrapper, the agent will not run.
2018-01-10 14:55:54,722 [main] INFO  org.mule.DefaultMuleContext - 
**********************************************************************
* Application: soapwebservice                                        *
* OS encoding: \, Mule encoding: UTF-8                               *
*                                                                    *
* Agents Running:                                                    *
*   JMX Agent                                                        *
*   DevKit Extension Information                                     *
*   Batch module default engine                                      *
*   Wrapper Manager                                                  *
**********************************************************************
